{"/Users/edmunddao/_SPACE/64blit/libraries/library-better-react-state/src/config.ts": {"path":"/Users/edmunddao/_SPACE/64blit/libraries/library-better-react-state/src/config.ts","statementMap":{"0":{"start":{"line":22,"column":0},"end":{"line":22,"column":16}},"1":{"start":{"line":42,"column":0},"end":{"line":42,"column":16}},"2":{"start":{"line":6,"column":37},"end":{"line":8,"column":2}},"3":{"start":{"line":10,"column":35},"end":{"line":10,"column":55}},"4":{"start":{"line":23,"column":2},"end":{"line":31,"column":4}},"5":{"start":{"line":43,"column":2},"end":{"line":43,"column":23}},"6":{"start":{"line":47,"column":0},"end":{"line":47,"column":19}}},"fnMap":{"0":{"name":"configureLibrary","decl":{"start":{"line":22,"column":16},"end":{"line":22,"column":32}},"loc":{"start":{"line":22,"column":65},"end":{"line":32,"column":1}}},"1":{"name":"getConfig","decl":{"start":{"line":42,"column":16},"end":{"line":42,"column":25}},"loc":{"start":{"line":42,"column":25},"end":{"line":44,"column":1}}}},"branchMap":{"0":{"loc":{"start":{"line":28,"column":15},"end":{"line":30,"column":80}},"type":"cond-expr","locations":[{"start":{"line":29,"column":19},"end":{"line":29,"column":24}},{"start":{"line":30,"column":20},"end":{"line":30,"column":79}}]},"1":{"loc":{"start":{"line":28,"column":15},"end":{"line":28,"column":33}},"type":"cond-expr","locations":[{"start":{"line":28,"column":22},"end":{"line":28,"column":24}},{"start":{"line":28,"column":15},"end":{"line":28,"column":33}}]},"2":{"loc":{"start":{"line":28,"column":15},"end":{"line":28,"column":24}},"type":"binary-expr","locations":[{"start":{"line":28,"column":15},"end":{"line":28,"column":24}},{"start":{"line":28,"column":15},"end":{"line":28,"column":24}}]},"3":{"loc":{"start":{"line":30,"column":20},"end":{"line":30,"column":79}},"type":"binary-expr","locations":[{"start":{"line":30,"column":20},"end":{"line":30,"column":38}},{"start":{"line":30,"column":42},"end":{"line":30,"column":79}}]},"4":{"loc":{"start":{"line":30,"column":20},"end":{"line":30,"column":38}},"type":"cond-expr","locations":[{"start":{"line":30,"column":27},"end":{"line":30,"column":29}},{"start":{"line":30,"column":20},"end":{"line":30,"column":38}}]},"5":{"loc":{"start":{"line":30,"column":20},"end":{"line":30,"column":29}},"type":"binary-expr","locations":[{"start":{"line":30,"column":20},"end":{"line":30,"column":29}},{"start":{"line":30,"column":20},"end":{"line":30,"column":29}}]}},"s":{"0":4,"1":4,"2":4,"3":4,"4":4,"5":1184,"6":4},"f":{"0":4,"1":1184},"b":{"0":[0,4],"1":[4,0],"2":[4,4],"3":[4,4],"4":[4,0],"5":[4,4]}}
,"/Users/edmunddao/_SPACE/64blit/libraries/library-better-react-state/src/core/createFeatureStore.ts": {"path":"/Users/edmunddao/_SPACE/64blit/libraries/library-better-react-state/src/core/createFeatureStore.ts","statementMap":{"0":{"start":{"line":57,"column":0},"end":{"line":57,"column":16}},"1":{"start":{"line":1,"column":0},"end":{"line":1,"column":57}},"2":{"start":{"line":2,"column":0},"end":{"line":2,"column":73}},"3":{"start":{"line":3,"column":0},"end":{"line":3,"column":42}},"4":{"start":{"line":4,"column":0},"end":{"line":4,"column":58}},"5":{"start":{"line":5,"column":0},"end":{"line":5,"column":52}},"6":{"start":{"line":6,"column":0},"end":{"line":6,"column":null}},"7":{"start":{"line":22,"column":0},"end":{"line":22,"column":41}},"8":{"start":{"line":23,"column":0},"end":{"line":23,"column":67}},"9":{"start":{"line":60,"column":33},"end":{"line":60,"column":50}},"10":{"start":{"line":63,"column":4},"end":{"line":65,"column":42}},"11":{"start":{"line":68,"column":44},"end":{"line":72,"column":4}},"12":{"start":{"line":74,"column":38},"end":{"line":77,"column":4}},"13":{"start":{"line":79,"column":2},"end":{"line":79,"column":73}},"14":{"start":{"line":79,"column":42},"end":{"line":79,"column":73}},"15":{"start":{"line":82,"column":23},"end":{"line":82,"column":29}},"16":{"start":{"line":83,"column":31},"end":{"line":83,"column":67}},"17":{"start":{"line":84,"column":23},"end":{"line":95,"column":4}},"18":{"start":{"line":102,"column":56},"end":{"line":102,"column":73}},"19":{"start":{"line":104,"column":2},"end":{"line":129,"column":3}},"20":{"start":{"line":106,"column":31},"end":{"line":106,"column":88}},"21":{"start":{"line":109,"column":34},"end":{"line":109,"column":86}},"22":{"start":{"line":111,"column":4},"end":{"line":114,"column":6}},"23":{"start":{"line":116,"column":4},"end":{"line":128,"column":9}},"24":{"start":{"line":117,"column":18},"end":{"line":117,"column":47}},"25":{"start":{"line":119,"column":8},"end":{"line":123,"column":9}},"26":{"start":{"line":126,"column":8},"end":{"line":126,"column":79}},"27":{"start":{"line":131,"column":65},"end":{"line":218,"column":3}},"28":{"start":{"line":132,"column":26},"end":{"line":132,"column":64}},"29":{"start":{"line":134,"column":4},"end":{"line":191,"column":5}},"30":{"start":{"line":135,"column":26},"end":{"line":135,"column":50}},"31":{"start":{"line":136,"column":6},"end":{"line":190,"column":7}},"32":{"start":{"line":137,"column":8},"end":{"line":140,"column":9}},"33":{"start":{"line":138,"column":10},"end":{"line":138,"column":75}},"34":{"start":{"line":139,"column":10},"end":{"line":139,"column":19}},"35":{"start":{"line":141,"column":8},"end":{"line":143,"column":9}},"36":{"start":{"line":142,"column":10},"end":{"line":142,"column":67}},"37":{"start":{"line":145,"column":24},"end":{"line":145,"column":64}},"38":{"start":{"line":148,"column":36},"end":{"line":148,"column":56}},"39":{"start":{"line":150,"column":10},"end":{"line":150,"column":43}},"40":{"start":{"line":152,"column":8},"end":{"line":185,"column":9}},"41":{"start":{"line":153,"column":29},"end":{"line":176,"column":11}},"42":{"start":{"line":158,"column":33},"end":{"line":158,"column":38}},"43":{"start":{"line":159,"column":36},"end":{"line":160,"column":null}},"44":{"start":{"line":163,"column":14},"end":{"line":169,"column":25}},"45":{"start":{"line":170,"column":40},"end":{"line":173,"column":14}},"46":{"start":{"line":175,"column":12},"end":{"line":175,"column":63}},"47":{"start":{"line":177,"column":29},"end":{"line":179,"column":null}},"48":{"start":{"line":178,"column":12},"end":{"line":179,"column":null}},"49":{"start":{"line":181,"column":10},"end":{"line":184,"column":43}},"50":{"start":{"line":186,"column":9},"end":{"line":189,"column":10}},"51":{"start":{"line":193,"column":45},"end":{"line":212,"column":6}},"52":{"start":{"line":197,"column":10},"end":{"line":197,"column":64}},"53":{"start":{"line":197,"column":43},"end":{"line":197,"column":64}},"54":{"start":{"line":198,"column":10},"end":{"line":198,"column":21}},"55":{"start":{"line":205,"column":8},"end":{"line":207,"column":38}},"56":{"start":{"line":210,"column":8},"end":{"line":210,"column":67}},"57":{"start":{"line":214,"column":4},"end":{"line":217,"column":58}},"58":{"start":{"line":221,"column":58},"end":{"line":221,"column":74}},"59":{"start":{"line":222,"column":20},"end":{"line":222,"column":38}},"60":{"start":{"line":225,"column":2},"end":{"line":227,"column":3}},"61":{"start":{"line":226,"column":4},"end":{"line":226,"column":69}},"62":{"start":{"line":232,"column":2},"end":{"line":246,"column":3}},"63":{"start":{"line":234,"column":6},"end":{"line":236,"column":40}},"64":{"start":{"line":237,"column":4},"end":{"line":239,"column":5}},"65":{"start":{"line":238,"column":6},"end":{"line":238,"column":56}},"66":{"start":{"line":242,"column":35},"end":{"line":242,"column":79}},"67":{"start":{"line":243,"column":4},"end":{"line":243,"column":63}},"68":{"start":{"line":245,"column":4},"end":{"line":245,"column":52}},"69":{"start":{"line":249,"column":19},"end":{"line":249,"column":72}},"70":{"start":{"line":256,"column":33},"end":{"line":269,"column":4}},"71":{"start":{"line":257,"column":4},"end":{"line":266,"column":5}},"72":{"start":{"line":258,"column":26},"end":{"line":258,"column":60}},"73":{"start":{"line":259,"column":6},"end":{"line":261,"column":7}},"74":{"start":{"line":260,"column":8},"end":{"line":260,"column":72}},"75":{"start":{"line":263,"column":6},"end":{"line":265,"column":7}},"76":{"start":{"line":264,"column":8},"end":{"line":264,"column":64}},"77":{"start":{"line":268,"column":6},"end":{"line":268,"column":85}},"78":{"start":{"line":274,"column":31},"end":{"line":274,"column":50}},"79":{"start":{"line":275,"column":2},"end":{"line":311,"column":3}},"80":{"start":{"line":276,"column":24},"end":{"line":276,"column":57}},"81":{"start":{"line":277,"column":27},"end":{"line":277,"column":46}},"82":{"start":{"line":278,"column":4},"end":{"line":310,"column":5}},"83":{"start":{"line":282,"column":32},"end":{"line":282,"column":53}},"84":{"start":{"line":285,"column":6},"end":{"line":309,"column":7}},"85":{"start":{"line":286,"column":35},"end":{"line":287,"column":null}},"86":{"start":{"line":290,"column":9},"end":{"line":299,"column":10}},"87":{"start":{"line":294,"column":10},"end":{"line":298,"column":12}},"88":{"start":{"line":296,"column":14},"end":{"line":296,"column":76}},"89":{"start":{"line":301,"column":8},"end":{"line":301,"column":59}},"90":{"start":{"line":302,"column":9},"end":{"line":308,"column":10}},"91":{"start":{"line":305,"column":10},"end":{"line":307,"column":12}},"92":{"start":{"line":319,"column":31},"end":{"line":321,"column":4}},"93":{"start":{"line":320,"column":4},"end":{"line":320,"column":43}},"94":{"start":{"line":323,"column":38},"end":{"line":330,"column":3}},"95":{"start":{"line":324,"column":18},"end":{"line":329,"column":6}},"96":{"start":{"line":325,"column":6},"end":{"line":328,"column":7}},"97":{"start":{"line":326,"column":8},"end":{"line":326,"column":73}},"98":{"start":{"line":326,"column":42},"end":{"line":326,"column":73}},"99":{"start":{"line":327,"column":8},"end":{"line":327,"column":16}},"100":{"start":{"line":346,"column":4},"end":{"line":459,"column":5}},"101":{"start":{"line":347,"column":26},"end":{"line":347,"column":59}},"102":{"start":{"line":348,"column":6},"end":{"line":458,"column":7}},"103":{"start":{"line":355,"column":34},"end":{"line":355,"column":58}},"104":{"start":{"line":358,"column":31},"end":{"line":358,"column":69}},"105":{"start":{"line":360,"column":10},"end":{"line":362,"column":46}},"106":{"start":{"line":364,"column":8},"end":{"line":457,"column":9}},"107":{"start":{"line":365,"column":10},"end":{"line":456,"column":11}},"108":{"start":{"line":366,"column":44},"end":{"line":368,"column":null}},"109":{"start":{"line":371,"column":14},"end":{"line":371,"column":16}},"110":{"start":{"line":373,"column":12},"end":{"line":432,"column":13}},"111":{"start":{"line":374,"column":14},"end":{"line":431,"column":15}},"112":{"start":{"line":380,"column":49},"end":{"line":381,"column":null}},"113":{"start":{"line":384,"column":17},"end":{"line":430,"column":18}},"114":{"start":{"line":387,"column":48},"end":{"line":387,"column":74}},"115":{"start":{"line":388,"column":53},"end":{"line":389,"column":null}},"116":{"start":{"line":392,"column":18},"end":{"line":429,"column":19}},"117":{"start":{"line":393,"column":35},"end":{"line":395,"column":null}},"118":{"start":{"line":397,"column":38},"end":{"line":397,"column":44}},"119":{"start":{"line":399,"column":20},"end":{"line":421,"column":21}},"120":{"start":{"line":400,"column":44},"end":{"line":400,"column":56}},"121":{"start":{"line":401,"column":22},"end":{"line":401,"column":50}},"122":{"start":{"line":402,"column":22},"end":{"line":412,"column":23}},"123":{"start":{"line":403,"column":41},"end":{"line":404,"column":null}},"124":{"start":{"line":406,"column":24},"end":{"line":411,"column":26}},"125":{"start":{"line":413,"column":27},"end":{"line":421,"column":21}},"126":{"start":{"line":414,"column":39},"end":{"line":415,"column":null}},"127":{"start":{"line":417,"column":22},"end":{"line":420,"column":24}},"128":{"start":{"line":422,"column":20},"end":{"line":422,"column":39}},"129":{"start":{"line":424,"column":20},"end":{"line":427,"column":22}},"130":{"start":{"line":428,"column":20},"end":{"line":428,"column":32}},"131":{"start":{"line":434,"column":33},"end":{"line":434,"column":72}},"132":{"start":{"line":435,"column":12},"end":{"line":440,"column":14}},"133":{"start":{"line":441,"column":12},"end":{"line":450,"column":13}},"134":{"start":{"line":445,"column":14},"end":{"line":449,"column":17}},"135":{"start":{"line":452,"column":12},"end":{"line":455,"column":14}},"136":{"start":{"line":462,"column":21},"end":{"line":530,"column":3}},"137":{"start":{"line":463,"column":32},"end":{"line":463,"column":49}},"138":{"start":{"line":464,"column":4},"end":{"line":464,"column":33}},"139":{"start":{"line":466,"column":18},"end":{"line":466,"column":37}},"140":{"start":{"line":467,"column":4},"end":{"line":471,"column":5}},"141":{"start":{"line":468,"column":6},"end":{"line":470,"column":8}},"142":{"start":{"line":472,"column":4},"end":{"line":472,"column":58}},"143":{"start":{"line":473,"column":30},"end":{"line":473,"column":70}},"144":{"start":{"line":474,"column":4},"end":{"line":474,"column":46}},"145":{"start":{"line":475,"column":4},"end":{"line":481,"column":5}},"146":{"start":{"line":476,"column":6},"end":{"line":480,"column":9}},"147":{"start":{"line":483,"column":4},"end":{"line":489,"column":6}},"148":{"start":{"line":491,"column":30},"end":{"line":491,"column":34}},"149":{"start":{"line":492,"column":33},"end":{"line":492,"column":67}},"150":{"start":{"line":494,"column":4},"end":{"line":513,"column":5}},"151":{"start":{"line":495,"column":29},"end":{"line":495,"column":51}},"152":{"start":{"line":497,"column":6},"end":{"line":512,"column":7}},"153":{"start":{"line":498,"column":27},"end":{"line":498,"column":51}},"154":{"start":{"line":500,"column":8},"end":{"line":511,"column":9}},"155":{"start":{"line":501,"column":10},"end":{"line":510,"column":11}},"156":{"start":{"line":503,"column":12},"end":{"line":509,"column":13}},"157":{"start":{"line":504,"column":14},"end":{"line":506,"column":16}},"158":{"start":{"line":507,"column":14},"end":{"line":507,"column":42}},"159":{"start":{"line":508,"column":14},"end":{"line":508,"column":20}},"160":{"start":{"line":514,"column":4},"end":{"line":523,"column":5}},"161":{"start":{"line":515,"column":6},"end":{"line":515,"column":48}},"162":{"start":{"line":521,"column":6},"end":{"line":521,"column":127}},"163":{"start":{"line":522,"column":6},"end":{"line":522,"column":48}},"164":{"start":{"line":525,"column":30},"end":{"line":525,"column":47}},"165":{"start":{"line":526,"column":4},"end":{"line":528,"column":5}},"166":{"start":{"line":527,"column":6},"end":{"line":527,"column":123}},"167":{"start":{"line":529,"column":4},"end":{"line":529,"column":16}},"168":{"start":{"line":531,"column":3},"end":{"line":531,"column":38}},"169":{"start":{"line":532,"column":3},"end":{"line":532,"column":57}},"170":{"start":{"line":535,"column":47},"end":{"line":535,"column":49}},"171":{"start":{"line":536,"column":2},"end":{"line":566,"column":5}},"172":{"start":{"line":537,"column":4},"end":{"line":565,"column":5}},"173":{"start":{"line":541,"column":22},"end":{"line":541,"column":49}},"174":{"start":{"line":542,"column":6},"end":{"line":542,"column":73}},"175":{"start":{"line":543,"column":6},"end":{"line":564,"column":7}},"176":{"start":{"line":544,"column":37},"end":{"line":544,"column":54}},"177":{"start":{"line":545,"column":28},"end":{"line":560,"column":12}},"178":{"start":{"line":548,"column":12},"end":{"line":548,"column":83}},"179":{"start":{"line":549,"column":39},"end":{"line":549,"column":56}},"180":{"start":{"line":550,"column":12},"end":{"line":552,"column":13}},"181":{"start":{"line":551,"column":14},"end":{"line":551,"column":157}},"182":{"start":{"line":555,"column":12},"end":{"line":558,"column":14}},"183":{"start":{"line":559,"column":12},"end":{"line":559,"column":77}},"184":{"start":{"line":561,"column":8},"end":{"line":561,"column":46}},"185":{"start":{"line":563,"column":8},"end":{"line":563,"column":79}},"186":{"start":{"line":572,"column":2},"end":{"line":612,"column":5}},"187":{"start":{"line":592,"column":25},"end":{"line":592,"column":44}},"188":{"start":{"line":593,"column":4},"end":{"line":609,"column":5}},"189":{"start":{"line":594,"column":35},"end":{"line":594,"column":39}},"190":{"start":{"line":595,"column":33},"end":{"line":595,"column":73}},"191":{"start":{"line":596,"column":8},"end":{"line":601,"column":9}},"192":{"start":{"line":597,"column":12},"end":{"line":600,"column":13}},"193":{"start":{"line":598,"column":16},"end":{"line":598,"column":45}},"194":{"start":{"line":599,"column":16},"end":{"line":599,"column":22}},"195":{"start":{"line":602,"column":8},"end":{"line":608,"column":9}},"196":{"start":{"line":605,"column":11},"end":{"line":605,"column":46}},"197":{"start":{"line":607,"column":12},"end":{"line":607,"column":163}},"198":{"start":{"line":610,"column":4},"end":{"line":610,"column":34}},"199":{"start":{"line":614,"column":25},"end":{"line":614,"column":57}},"200":{"start":{"line":616,"column":21},"end":{"line":616,"column":40}},"201":{"start":{"line":617,"column":2},"end":{"line":650,"column":3}},"202":{"start":{"line":618,"column":24},"end":{"line":618,"column":57}},"203":{"start":{"line":619,"column":27},"end":{"line":619,"column":46}},"204":{"start":{"line":620,"column":4},"end":{"line":649,"column":5}},"205":{"start":{"line":621,"column":32},"end":{"line":621,"column":53}},"206":{"start":{"line":622,"column":6},"end":{"line":648,"column":7}},"207":{"start":{"line":623,"column":35},"end":{"line":623,"column":100}},"208":{"start":{"line":625,"column":9},"end":{"line":633,"column":10}},"209":{"start":{"line":629,"column":10},"end":{"line":632,"column":12}},"210":{"start":{"line":630,"column":43},"end":{"line":630,"column":82}},"211":{"start":{"line":635,"column":9},"end":{"line":637,"column":10}},"212":{"start":{"line":636,"column":10},"end":{"line":636,"column":92}},"213":{"start":{"line":639,"column":8},"end":{"line":639,"column":60}},"214":{"start":{"line":642,"column":9},"end":{"line":642,"column":94}},"215":{"start":{"line":644,"column":9},"end":{"line":647,"column":11}},"216":{"start":{"line":645,"column":28},"end":{"line":645,"column":107}},"217":{"start":{"line":646,"column":30},"end":{"line":646,"column":111}},"218":{"start":{"line":652,"column":31},"end":{"line":652,"column":48}},"219":{"start":{"line":653,"column":32},"end":{"line":653,"column":77}},"220":{"start":{"line":654,"column":2},"end":{"line":656,"column":3}},"221":{"start":{"line":655,"column":4},"end":{"line":655,"column":104}},"222":{"start":{"line":658,"column":2},"end":{"line":658,"column":51}}},"fnMap":{"0":{"name":"createFeatureStore","decl":{"start":{"line":57,"column":16},"end":{"line":57,"column":34}},"loc":{"start":{"line":58,"column":39},"end":{"line":659,"column":1}}},"1":{"name":"(anonymous_1)","decl":{"start":{"line":117,"column":12},"end":{"line":117,"column":15}},"loc":{"start":{"line":117,"column":18},"end":{"line":117,"column":47}}},"2":{"name":"(anonymous_2)","decl":{"start":{"line":118,"column":12},"end":{"line":118,"column":23}},"loc":{"start":{"line":118,"column":26},"end":{"line":124,"column":7}}},"3":{"name":"(anonymous_3)","decl":{"start":{"line":125,"column":13},"end":{"line":125,"column":18}},"loc":{"start":{"line":125,"column":21},"end":{"line":128,"column":7}}},"4":{"name":"(anonymous_4)","decl":{"start":{"line":131,"column":65},"end":{"line":131,"column":66}},"loc":{"start":{"line":131,"column":83},"end":{"line":218,"column":3}}},"5":{"name":"(anonymous_5)","decl":{"start":{"line":153,"column":29},"end":{"line":153,"column":null}},"loc":{"start":{"line":157,"column":14},"end":{"line":176,"column":11}}},"6":{"name":"(anonymous_6)","decl":{"start":{"line":177,"column":29},"end":{"line":177,"column":32}},"loc":{"start":{"line":178,"column":12},"end":{"line":179,"column":null}}},"7":{"name":"(anonymous_7)","decl":{"start":{"line":196,"column":8},"end":{"line":196,"column":9}},"loc":{"start":{"line":196,"column":21},"end":{"line":199,"column":9}}},"8":{"name":"(anonymous_8)","decl":{"start":{"line":204,"column":24},"end":{"line":204,"column":25}},"loc":{"start":{"line":204,"column":39},"end":{"line":208,"column":7}}},"9":{"name":"(anonymous_9)","decl":{"start":{"line":209,"column":23},"end":{"line":209,"column":24}},"loc":{"start":{"line":209,"column":34},"end":{"line":211,"column":7}}},"10":{"name":"(anonymous_10)","decl":{"start":{"line":256,"column":71},"end":{"line":256,"column":76}},"loc":{"start":{"line":256,"column":82},"end":{"line":267,"column":3}}},"11":{"name":"(anonymous_11)","decl":{"start":{"line":267,"column":11},"end":{"line":267,"column":16}},"loc":{"start":{"line":267,"column":19},"end":{"line":269,"column":3}}},"12":{"name":"(anonymous_12)","decl":{"start":{"line":290,"column":45},"end":{"line":290,"column":null}},"loc":{"start":{"line":293,"column":23},"end":{"line":299,"column":9}}},"13":{"name":"(anonymous_13)","decl":{"start":{"line":295,"column":12},"end":{"line":295,"column":13}},"loc":{"start":{"line":296,"column":14},"end":{"line":296,"column":76}}},"14":{"name":"(anonymous_14)","decl":{"start":{"line":302,"column":47},"end":{"line":302,"column":null}},"loc":{"start":{"line":304,"column":12},"end":{"line":308,"column":9}}},"15":{"name":"(anonymous_15)","decl":{"start":{"line":319,"column":49},"end":{"line":319,"column":50}},"loc":{"start":{"line":319,"column":61},"end":{"line":321,"column":3}}},"16":{"name":"(anonymous_16)","decl":{"start":{"line":323,"column":38},"end":{"line":323,"column":41}},"loc":{"start":{"line":323,"column":43},"end":{"line":330,"column":3}}},"17":{"name":"(anonymous_17)","decl":{"start":{"line":324,"column":37},"end":{"line":324,"column":38}},"loc":{"start":{"line":324,"column":58},"end":{"line":329,"column":5}}},"18":{"name":"initializeControllersDependentOnINIT","decl":{"start":{"line":337,"column":17},"end":{"line":337,"column":53}},"loc":{"start":{"line":344,"column":26},"end":{"line":460,"column":3}}},"19":{"name":"(anonymous_19)","decl":{"start":{"line":384,"column":64},"end":{"line":384,"column":69}},"loc":{"start":{"line":386,"column":20},"end":{"line":430,"column":17}}},"20":{"name":"(anonymous_20)","decl":{"start":{"line":462,"column":21},"end":{"line":462,"column":26}},"loc":{"start":{"line":462,"column":76},"end":{"line":530,"column":3}}},"21":{"name":"(anonymous_21)","decl":{"start":{"line":536,"column":32},"end":{"line":536,"column":33}},"loc":{"start":{"line":536,"column":54},"end":{"line":566,"column":3}}},"22":{"name":"(anonymous_22)","decl":{"start":{"line":547,"column":16},"end":{"line":547,"column":19}},"loc":{"start":{"line":547,"column":21},"end":{"line":553,"column":11}}},"23":{"name":"(anonymous_23)","decl":{"start":{"line":554,"column":17},"end":{"line":554,"column":18}},"loc":{"start":{"line":554,"column":27},"end":{"line":560,"column":11}}},"24":{"name":"(anonymous_24)","decl":{"start":{"line":572,"column":76},"end":{"line":572,"column":79}},"loc":{"start":{"line":572,"column":81},"end":{"line":612,"column":3}}},"25":{"name":"(anonymous_25)","decl":{"start":{"line":625,"column":45},"end":{"line":625,"column":null}},"loc":{"start":{"line":628,"column":23},"end":{"line":633,"column":9}}},"26":{"name":"(anonymous_26)","decl":{"start":{"line":630,"column":12},"end":{"line":630,"column":13}},"loc":{"start":{"line":630,"column":43},"end":{"line":630,"column":82}}},"27":{"name":"(anonymous_27)","decl":{"start":{"line":635,"column":47},"end":{"line":635,"column":90}},"loc":{"start":{"line":635,"column":92},"end":{"line":637,"column":9}}},"28":{"name":"(anonymous_28)","decl":{"start":{"line":645,"column":20},"end":{"line":645,"column":23}},"loc":{"start":{"line":645,"column":25},"end":{"line":645,"column":109}}},"29":{"name":"(anonymous_29)","decl":{"start":{"line":646,"column":22},"end":{"line":646,"column":25}},"loc":{"start":{"line":646,"column":27},"end":{"line":646,"column":113}}}},"branchMap":{"0":{"loc":{"start":{"line":63,"column":4},"end":{"line":65,"column":42}},"type":"binary-expr","locations":[{"start":{"line":63,"column":4},"end":{"line":63,"column":34}},{"start":{"line":64,"column":4},"end":{"line":64,"column":15}},{"start":{"line":65,"column":4},"end":{"line":65,"column":42}}]},"1":{"loc":{"start":{"line":79,"column":2},"end":{"line":79,"column":73}},"type":"if","locations":[{"start":{"line":79,"column":2},"end":{"line":79,"column":73}}]},"2":{"loc":{"start":{"line":79,"column":6},"end":{"line":79,"column":30}},"type":"cond-expr","locations":[{"start":{"line":79,"column":20},"end":{"line":79,"column":22}},{"start":{"line":79,"column":20},"end":{"line":79,"column":30}}]},"3":{"loc":{"start":{"line":79,"column":6},"end":{"line":79,"column":22}},"type":"binary-expr","locations":[{"start":{"line":79,"column":6},"end":{"line":79,"column":22}},{"start":{"line":79,"column":20},"end":{"line":79,"column":22}}]},"4":{"loc":{"start":{"line":83,"column":31},"end":{"line":83,"column":67}},"type":"binary-expr","locations":[{"start":{"line":83,"column":31},"end":{"line":83,"column":49}},{"start":{"line":83,"column":53},"end":{"line":83,"column":67}}]},"5":{"loc":{"start":{"line":104,"column":2},"end":{"line":129,"column":3}},"type":"if","locations":[{"start":{"line":104,"column":2},"end":{"line":129,"column":3}}]},"6":{"loc":{"start":{"line":104,"column":6},"end":{"line":104,"column":68}},"type":"binary-expr","locations":[{"start":{"line":104,"column":6},"end":{"line":104,"column":31}},{"start":{"line":104,"column":35},"end":{"line":104,"column":68}}]},"7":{"loc":{"start":{"line":109,"column":34},"end":{"line":109,"column":86}},"type":"binary-expr","locations":[{"start":{"line":109,"column":34},"end":{"line":109,"column":62}},{"start":{"line":109,"column":66},"end":{"line":109,"column":86}}]},"8":{"loc":{"start":{"line":119,"column":8},"end":{"line":123,"column":9}},"type":"if","locations":[{"start":{"line":119,"column":8},"end":{"line":123,"column":9}}]},"9":{"loc":{"start":{"line":119,"column":12},"end":{"line":119,"column":35}},"type":"binary-expr","locations":[{"start":{"line":119,"column":12},"end":{"line":119,"column":23}},{"start":{"line":119,"column":27},"end":{"line":119,"column":35}}]},"10":{"loc":{"start":{"line":136,"column":6},"end":{"line":190,"column":7}},"type":"if","locations":[{"start":{"line":136,"column":6},"end":{"line":190,"column":7}}]},"11":{"loc":{"start":{"line":137,"column":8},"end":{"line":140,"column":9}},"type":"if","locations":[{"start":{"line":137,"column":8},"end":{"line":140,"column":9}}]},"12":{"loc":{"start":{"line":141,"column":8},"end":{"line":143,"column":9}},"type":"if","locations":[{"start":{"line":141,"column":8},"end":{"line":143,"column":9}}]},"13":{"loc":{"start":{"line":152,"column":8},"end":{"line":185,"column":9}},"type":"if","locations":[{"start":{"line":152,"column":8},"end":{"line":185,"column":9}}]},"14":{"loc":{"start":{"line":163,"column":14},"end":{"line":169,"column":25}},"type":"cond-expr","locations":[{"start":{"line":165,"column":20},"end":{"line":168,"column":59}},{"start":{"line":169,"column":18},"end":{"line":169,"column":25}}]},"15":{"loc":{"start":{"line":197,"column":10},"end":{"line":197,"column":64}},"type":"if","locations":[{"start":{"line":197,"column":10},"end":{"line":197,"column":64}}]},"16":{"loc":{"start":{"line":225,"column":2},"end":{"line":227,"column":3}},"type":"if","locations":[{"start":{"line":225,"column":2},"end":{"line":227,"column":3}}]},"17":{"loc":{"start":{"line":232,"column":2},"end":{"line":246,"column":3}},"type":"if","locations":[{"start":{"line":232,"column":2},"end":{"line":246,"column":3}},{"start":{"line":244,"column":9},"end":{"line":246,"column":3}}]},"18":{"loc":{"start":{"line":234,"column":6},"end":{"line":236,"column":40}},"type":"cond-expr","locations":[{"start":{"line":235,"column":10},"end":{"line":235,"column":32}},{"start":{"line":236,"column":10},"end":{"line":236,"column":40}}]},"19":{"loc":{"start":{"line":237,"column":4},"end":{"line":239,"column":5}},"type":"if","locations":[{"start":{"line":237,"column":4},"end":{"line":239,"column":5}}]},"20":{"loc":{"start":{"line":257,"column":4},"end":{"line":266,"column":5}},"type":"if","locations":[{"start":{"line":257,"column":4},"end":{"line":266,"column":5}}]},"21":{"loc":{"start":{"line":257,"column":8},"end":{"line":257,"column":103}},"type":"binary-expr","locations":[{"start":{"line":257,"column":8},"end":{"line":257,"column":29}},{"start":{"line":257,"column":33},"end":{"line":257,"column":62}},{"start":{"line":257,"column":66},"end":{"line":257,"column":103}}]},"22":{"loc":{"start":{"line":259,"column":6},"end":{"line":261,"column":7}},"type":"if","locations":[{"start":{"line":259,"column":6},"end":{"line":261,"column":7}}]},"23":{"loc":{"start":{"line":263,"column":6},"end":{"line":265,"column":7}},"type":"if","locations":[{"start":{"line":263,"column":6},"end":{"line":265,"column":7}}]},"24":{"loc":{"start":{"line":278,"column":4},"end":{"line":310,"column":5}},"type":"if","locations":[{"start":{"line":278,"column":4},"end":{"line":310,"column":5}}]},"25":{"loc":{"start":{"line":279,"column":6},"end":{"line":280,"column":44}},"type":"binary-expr","locations":[{"start":{"line":279,"column":6},"end":{"line":279,"column":68}},{"start":{"line":280,"column":6},"end":{"line":280,"column":44}}]},"26":{"loc":{"start":{"line":285,"column":6},"end":{"line":309,"column":7}},"type":"if","locations":[{"start":{"line":285,"column":6},"end":{"line":309,"column":7}}]},"27":{"loc":{"start":{"line":297,"column":12},"end":{"line":297,"column":33}},"type":"binary-expr","locations":[{"start":{"line":297,"column":12},"end":{"line":297,"column":22}},{"start":{"line":297,"column":26},"end":{"line":297,"column":33}}]},"28":{"loc":{"start":{"line":325,"column":6},"end":{"line":328,"column":7}},"type":"if","locations":[{"start":{"line":325,"column":6},"end":{"line":328,"column":7}}]},"29":{"loc":{"start":{"line":325,"column":10},"end":{"line":325,"column":59}},"type":"binary-expr","locations":[{"start":{"line":325,"column":10},"end":{"line":325,"column":30}},{"start":{"line":325,"column":34},"end":{"line":325,"column":59}}]},"30":{"loc":{"start":{"line":326,"column":8},"end":{"line":326,"column":73}},"type":"if","locations":[{"start":{"line":326,"column":8},"end":{"line":326,"column":73}}]},"31":{"loc":{"start":{"line":348,"column":6},"end":{"line":458,"column":7}},"type":"if","locations":[{"start":{"line":348,"column":6},"end":{"line":458,"column":7}}]},"32":{"loc":{"start":{"line":349,"column":8},"end":{"line":353,"column":53}},"type":"binary-expr","locations":[{"start":{"line":349,"column":8},"end":{"line":351,"column":null}},{"start":{"line":353,"column":8},"end":{"line":353,"column":53}}]},"33":{"loc":{"start":{"line":358,"column":31},"end":{"line":358,"column":69}},"type":"binary-expr","locations":[{"start":{"line":358,"column":31},"end":{"line":358,"column":63}},{"start":{"line":358,"column":67},"end":{"line":358,"column":69}}]},"34":{"loc":{"start":{"line":360,"column":10},"end":{"line":362,"column":46}},"type":"cond-expr","locations":[{"start":{"line":361,"column":14},"end":{"line":361,"column":18}},{"start":{"line":362,"column":14},"end":{"line":362,"column":46}}]},"35":{"loc":{"start":{"line":364,"column":8},"end":{"line":457,"column":9}},"type":"if","locations":[{"start":{"line":364,"column":8},"end":{"line":457,"column":9}}]},"36":{"loc":{"start":{"line":364,"column":12},"end":{"line":364,"column":62}},"type":"binary-expr","locations":[{"start":{"line":364,"column":12},"end":{"line":364,"column":41}},{"start":{"line":364,"column":45},"end":{"line":364,"column":62}}]},"37":{"loc":{"start":{"line":374,"column":14},"end":{"line":431,"column":15}},"type":"if","locations":[{"start":{"line":374,"column":14},"end":{"line":431,"column":15}}]},"38":{"loc":{"start":{"line":399,"column":20},"end":{"line":421,"column":21}},"type":"if","locations":[{"start":{"line":399,"column":20},"end":{"line":421,"column":21}},{"start":{"line":413,"column":27},"end":{"line":421,"column":21}}]},"39":{"loc":{"start":{"line":402,"column":22},"end":{"line":412,"column":23}},"type":"if","locations":[{"start":{"line":402,"column":22},"end":{"line":412,"column":23}}]},"40":{"loc":{"start":{"line":413,"column":27},"end":{"line":421,"column":21}},"type":"if","locations":[{"start":{"line":413,"column":27},"end":{"line":421,"column":21}}]},"41":{"loc":{"start":{"line":441,"column":12},"end":{"line":450,"column":13}},"type":"if","locations":[{"start":{"line":441,"column":12},"end":{"line":450,"column":13}}]},"42":{"loc":{"start":{"line":442,"column":14},"end":{"line":443,"column":56}},"type":"binary-expr","locations":[{"start":{"line":442,"column":14},"end":{"line":442,"column":34}},{"start":{"line":443,"column":14},"end":{"line":443,"column":56}}]},"43":{"loc":{"start":{"line":467,"column":4},"end":{"line":471,"column":5}},"type":"if","locations":[{"start":{"line":467,"column":4},"end":{"line":471,"column":5}}]},"44":{"loc":{"start":{"line":475,"column":4},"end":{"line":481,"column":5}},"type":"if","locations":[{"start":{"line":475,"column":4},"end":{"line":481,"column":5}}]},"45":{"loc":{"start":{"line":475,"column":8},"end":{"line":475,"column":74}},"type":"binary-expr","locations":[{"start":{"line":475,"column":8},"end":{"line":475,"column":28}},{"start":{"line":475,"column":32},"end":{"line":475,"column":74}}]},"46":{"loc":{"start":{"line":497,"column":6},"end":{"line":512,"column":7}},"type":"if","locations":[{"start":{"line":497,"column":6},"end":{"line":512,"column":7}}]},"47":{"loc":{"start":{"line":500,"column":8},"end":{"line":511,"column":9}},"type":"if","locations":[{"start":{"line":500,"column":8},"end":{"line":511,"column":9}}]},"48":{"loc":{"start":{"line":501,"column":10},"end":{"line":510,"column":11}},"type":"if","locations":[{"start":{"line":501,"column":10},"end":{"line":510,"column":11}}]},"49":{"loc":{"start":{"line":501,"column":14},"end":{"line":501,"column":105}},"type":"binary-expr","locations":[{"start":{"line":501,"column":14},"end":{"line":501,"column":51}},{"start":{"line":501,"column":55},"end":{"line":501,"column":105}}]},"50":{"loc":{"start":{"line":503,"column":12},"end":{"line":509,"column":13}},"type":"if","locations":[{"start":{"line":503,"column":12},"end":{"line":509,"column":13}}]},"51":{"loc":{"start":{"line":503,"column":16},"end":{"line":503,"column":85}},"type":"binary-expr","locations":[{"start":{"line":503,"column":16},"end":{"line":503,"column":31}},{"start":{"line":503,"column":35},"end":{"line":503,"column":85}}]},"52":{"loc":{"start":{"line":514,"column":4},"end":{"line":523,"column":5}},"type":"if","locations":[{"start":{"line":514,"column":4},"end":{"line":523,"column":5}},{"start":{"line":516,"column":11},"end":{"line":523,"column":5}}]},"53":{"loc":{"start":{"line":526,"column":4},"end":{"line":528,"column":5}},"type":"if","locations":[{"start":{"line":526,"column":4},"end":{"line":528,"column":5}}]},"54":{"loc":{"start":{"line":537,"column":4},"end":{"line":565,"column":5}},"type":"if","locations":[{"start":{"line":537,"column":4},"end":{"line":565,"column":5}}]},"55":{"loc":{"start":{"line":538,"column":6},"end":{"line":539,"column":47}},"type":"binary-expr","locations":[{"start":{"line":538,"column":6},"end":{"line":538,"column":71}},{"start":{"line":539,"column":6},"end":{"line":539,"column":47}}]},"56":{"loc":{"start":{"line":543,"column":6},"end":{"line":564,"column":7}},"type":"if","locations":[{"start":{"line":543,"column":6},"end":{"line":564,"column":7}},{"start":{"line":562,"column":13},"end":{"line":564,"column":7}}]},"57":{"loc":{"start":{"line":550,"column":12},"end":{"line":552,"column":13}},"type":"if","locations":[{"start":{"line":550,"column":12},"end":{"line":552,"column":13}}]},"58":{"loc":{"start":{"line":593,"column":4},"end":{"line":609,"column":5}},"type":"if","locations":[{"start":{"line":593,"column":4},"end":{"line":609,"column":5}}]},"59":{"loc":{"start":{"line":597,"column":12},"end":{"line":600,"column":13}},"type":"if","locations":[{"start":{"line":597,"column":12},"end":{"line":600,"column":13}}]},"60":{"loc":{"start":{"line":602,"column":8},"end":{"line":608,"column":9}},"type":"if","locations":[{"start":{"line":602,"column":8},"end":{"line":608,"column":9}},{"start":{"line":606,"column":15},"end":{"line":608,"column":9}}]},"61":{"loc":{"start":{"line":620,"column":4},"end":{"line":649,"column":5}},"type":"if","locations":[{"start":{"line":620,"column":4},"end":{"line":649,"column":5}}]},"62":{"loc":{"start":{"line":620,"column":8},"end":{"line":620,"column":112}},"type":"binary-expr","locations":[{"start":{"line":620,"column":8},"end":{"line":620,"column":70}},{"start":{"line":620,"column":74},"end":{"line":620,"column":112}}]},"63":{"loc":{"start":{"line":622,"column":6},"end":{"line":648,"column":7}},"type":"if","locations":[{"start":{"line":622,"column":6},"end":{"line":648,"column":7}},{"start":{"line":640,"column":13},"end":{"line":648,"column":7}}]},"64":{"loc":{"start":{"line":631,"column":12},"end":{"line":631,"column":33}},"type":"binary-expr","locations":[{"start":{"line":631,"column":12},"end":{"line":631,"column":22}},{"start":{"line":631,"column":26},"end":{"line":631,"column":33}}]},"65":{"loc":{"start":{"line":654,"column":2},"end":{"line":656,"column":3}},"type":"if","locations":[{"start":{"line":654,"column":2},"end":{"line":656,"column":3}}]}},"s":{"0":2,"1":2,"2":2,"3":2,"4":2,"5":2,"6":2,"7":2,"8":2,"9":2,"10":2,"11":2,"12":2,"13":2,"14":0,"15":2,"16":2,"17":2,"18":2,"19":2,"20":0,"21":0,"22":0,"23":0,"24":0,"25":0,"26":0,"27":2,"28":2,"29":2,"30":51,"31":51,"32":51,"33":0,"34":0,"35":51,"36":0,"37":51,"38":51,"39":51,"40":51,"41":51,"42":1000,"43":1000,"44":1000,"45":1000,"46":1000,"47":51,"48":0,"49":51,"50":51,"51":2,"52":51,"53":51,"54":51,"55":102,"56":2,"57":2,"58":2,"59":2,"60":2,"61":2,"62":2,"63":0,"64":0,"65":0,"66":0,"67":0,"68":2,"69":2,"70":2,"71":2,"72":0,"73":0,"74":0,"75":0,"76":0,"77":0,"78":2,"79":2,"80":51,"81":51,"82":51,"83":51,"84":51,"85":51,"86":51,"87":0,"88":0,"89":51,"90":51,"91":0,"92":2,"93":2,"94":2,"95":2,"96":0,"97":0,"98":0,"99":0,"100":0,"101":0,"102":0,"103":0,"104":0,"105":0,"106":0,"107":0,"108":0,"109":0,"110":0,"111":0,"112":0,"113":0,"114":0,"115":0,"116":0,"117":0,"118":0,"119":0,"120":0,"121":0,"122":0,"123":0,"124":0,"125":0,"126":0,"127":0,"128":0,"129":0,"130":0,"131":0,"132":0,"133":0,"134":0,"135":0,"136":2,"137":0,"138":0,"139":0,"140":0,"141":0,"142":0,"143":0,"144":0,"145":0,"146":0,"147":0,"148":0,"149":0,"150":0,"151":0,"152":0,"153":0,"154":0,"155":0,"156":0,"157":0,"158":0,"159":0,"160":0,"161":0,"162":0,"163":0,"164":0,"165":0,"166":0,"167":0,"168":2,"169":2,"170":2,"171":2,"172":51,"173":51,"174":51,"175":51,"176":0,"177":0,"178":0,"179":0,"180":0,"181":0,"182":0,"183":0,"184":0,"185":51,"186":2,"187":2,"188":2,"189":2,"190":2,"191":2,"192":51,"193":0,"194":0,"195":2,"196":2,"197":0,"198":2,"199":2,"200":2,"201":2,"202":51,"203":51,"204":51,"205":51,"206":51,"207":51,"208":51,"209":0,"210":0,"211":51,"212":0,"213":51,"214":0,"215":0,"216":0,"217":0,"218":2,"219":2,"220":2,"221":2,"222":2},"f":{"0":2,"1":0,"2":0,"3":0,"4":2,"5":1000,"6":0,"7":51,"8":102,"9":2,"10":2,"11":0,"12":0,"13":0,"14":0,"15":2,"16":2,"17":0,"18":0,"19":0,"20":0,"21":51,"22":0,"23":0,"24":2,"25":0,"26":0,"27":0,"28":0,"29":0},"b":{"0":[2,2,2],"1":[0],"2":[2,0],"3":[2,2],"4":[2,0],"5":[0],"6":[2,0],"7":[0,0],"8":[0],"9":[0,0],"10":[51],"11":[0],"12":[0],"13":[51],"14":[0,1000],"15":[51],"16":[2],"17":[0,2],"18":[0,0],"19":[0],"20":[0],"21":[2,0,0],"22":[0],"23":[0],"24":[51],"25":[51,51],"26":[51],"27":[0,0],"28":[0],"29":[0,0],"30":[0],"31":[0],"32":[0,0],"33":[0,0],"34":[0,0],"35":[0],"36":[0,0],"37":[0],"38":[0,0],"39":[0],"40":[0],"41":[0],"42":[0,0],"43":[0],"44":[0],"45":[0,0],"46":[0],"47":[0],"48":[0],"49":[0,0],"50":[0],"51":[0,0],"52":[0,0],"53":[0],"54":[51],"55":[51,51],"56":[0,51],"57":[0],"58":[2],"59":[0],"60":[2,0],"61":[51],"62":[51,51],"63":[51,0],"64":[0,0],"65":[2]}}
,"/Users/edmunddao/_SPACE/64blit/libraries/library-better-react-state/src/core/debugMiddleware.ts": {"path":"/Users/edmunddao/_SPACE/64blit/libraries/library-better-react-state/src/core/debugMiddleware.ts","statementMap":{"0":{"start":{"line":2,"column":0},"end":{"line":2,"column":41}},"1":{"start":{"line":3,"column":0},"end":{"line":3,"column":38}},"2":{"start":{"line":16,"column":26},"end":{"line":16,"column":28}},"3":{"start":{"line":29,"column":13},"end":{"line":29,"column":71}},"4":{"start":{"line":38,"column":31},"end":{"line":101,"column":1}},"5":{"start":{"line":41,"column":22},"end":{"line":101,"column":1}},"6":{"start":{"line":42,"column":20},"end":{"line":42,"column":31}},"7":{"start":{"line":44,"column":2},"end":{"line":46,"column":3}},"8":{"start":{"line":45,"column":4},"end":{"line":45,"column":33}},"9":{"start":{"line":49,"column":2},"end":{"line":51,"column":3}},"10":{"start":{"line":50,"column":4},"end":{"line":50,"column":36}},"11":{"start":{"line":52,"column":25},"end":{"line":52,"column":51}},"12":{"start":{"line":54,"column":42},"end":{"line":94,"column":3}},"13":{"start":{"line":55,"column":22},"end":{"line":55,"column":27}},"14":{"start":{"line":56,"column":22},"end":{"line":56,"column":39}},"15":{"start":{"line":58,"column":5},"end":{"line":58,"column":60}},"16":{"start":{"line":60,"column":20},"end":{"line":60,"column":37}},"17":{"start":{"line":61,"column":21},"end":{"line":61,"column":40}},"18":{"start":{"line":62,"column":22},"end":{"line":62,"column":27}},"19":{"start":{"line":64,"column":21},"end":{"line":64,"column":36}},"20":{"start":{"line":65,"column":4},"end":{"line":74,"column":5}},"21":{"start":{"line":66,"column":6},"end":{"line":66,"column":26}},"22":{"start":{"line":67,"column":11},"end":{"line":74,"column":5}},"23":{"start":{"line":68,"column":6},"end":{"line":68,"column":53}},"24":{"start":{"line":69,"column":11},"end":{"line":74,"column":5}},"25":{"start":{"line":71,"column":6},"end":{"line":71,"column":75}},"26":{"start":{"line":72,"column":11},"end":{"line":74,"column":5}},"27":{"start":{"line":73,"column":6},"end":{"line":73,"column":34}},"28":{"start":{"line":76,"column":4},"end":{"line":80,"column":7}},"29":{"start":{"line":83,"column":4},"end":{"line":85,"column":5}},"30":{"start":{"line":84,"column":6},"end":{"line":84,"column":29}},"31":{"start":{"line":86,"column":4},"end":{"line":93,"column":7}},"32":{"start":{"line":98,"column":17},"end":{"line":98,"column":65}},"33":{"start":{"line":100,"column":2},"end":{"line":100,"column":57}},"34":{"start":{"line":38,"column":13},"end":{"line":38,"column":31}}},"fnMap":{"0":{"name":"(anonymous_0)","decl":{"start":{"line":38,"column":31},"end":{"line":38,"column":null}},"loc":{"start":{"line":41,"column":22},"end":{"line":101,"column":1}}},"1":{"name":"(anonymous_1)","decl":{"start":{"line":41,"column":22},"end":{"line":41,"column":23}},"loc":{"start":{"line":41,"column":40},"end":{"line":101,"column":1}}},"2":{"name":"(anonymous_2)","decl":{"start":{"line":54,"column":42},"end":{"line":54,"column":43}},"loc":{"start":{"line":54,"column":71},"end":{"line":94,"column":3}}}},"branchMap":{"0":{"loc":{"start":{"line":40,"column":2},"end":{"line":40,"column":36}},"type":"default-arg","locations":[{"start":{"line":40,"column":22},"end":{"line":40,"column":36}}]},"1":{"loc":{"start":{"line":44,"column":2},"end":{"line":46,"column":3}},"type":"if","locations":[{"start":{"line":44,"column":2},"end":{"line":46,"column":3}}]},"2":{"loc":{"start":{"line":49,"column":2},"end":{"line":51,"column":3}},"type":"if","locations":[{"start":{"line":49,"column":2},"end":{"line":51,"column":3}}]},"3":{"loc":{"start":{"line":65,"column":4},"end":{"line":74,"column":5}},"type":"if","locations":[{"start":{"line":65,"column":4},"end":{"line":74,"column":5}},{"start":{"line":67,"column":11},"end":{"line":74,"column":5}}]},"4":{"loc":{"start":{"line":67,"column":11},"end":{"line":74,"column":5}},"type":"if","locations":[{"start":{"line":67,"column":11},"end":{"line":74,"column":5}},{"start":{"line":69,"column":11},"end":{"line":74,"column":5}}]},"5":{"loc":{"start":{"line":67,"column":15},"end":{"line":67,"column":79}},"type":"binary-expr","locations":[{"start":{"line":67,"column":15},"end":{"line":67,"column":21}},{"start":{"line":67,"column":25},"end":{"line":67,"column":79}}]},"6":{"loc":{"start":{"line":67,"column":33},"end":{"line":67,"column":66}},"type":"cond-expr","locations":[{"start":{"line":67,"column":39},"end":{"line":67,"column":60}},{"start":{"line":67,"column":33},"end":{"line":67,"column":66}}]},"7":{"loc":{"start":{"line":67,"column":33},"end":{"line":67,"column":60}},"type":"binary-expr","locations":[{"start":{"line":67,"column":33},"end":{"line":67,"column":62}},{"start":{"line":67,"column":33},"end":{"line":67,"column":60}}]},"8":{"loc":{"start":{"line":69,"column":11},"end":{"line":74,"column":5}},"type":"if","locations":[{"start":{"line":69,"column":11},"end":{"line":74,"column":5}},{"start":{"line":72,"column":11},"end":{"line":74,"column":5}}]},"9":{"loc":{"start":{"line":71,"column":20},"end":{"line":71,"column":74}},"type":"binary-expr","locations":[{"start":{"line":71,"column":20},"end":{"line":71,"column":45}},{"start":{"line":71,"column":49},"end":{"line":71,"column":74}}]},"10":{"loc":{"start":{"line":72,"column":11},"end":{"line":74,"column":5}},"type":"if","locations":[{"start":{"line":72,"column":11},"end":{"line":74,"column":5}}]},"11":{"loc":{"start":{"line":72,"column":15},"end":{"line":72,"column":62}},"type":"binary-expr","locations":[{"start":{"line":72,"column":15},"end":{"line":72,"column":31}},{"start":{"line":72,"column":35},"end":{"line":72,"column":62}}]},"12":{"loc":{"start":{"line":78,"column":21},"end":{"line":78,"column":82}},"type":"cond-expr","locations":[{"start":{"line":78,"column":53},"end":{"line":78,"column":72}},{"start":{"line":78,"column":75},"end":{"line":78,"column":82}}]},"13":{"loc":{"start":{"line":83,"column":4},"end":{"line":85,"column":5}},"type":"if","locations":[{"start":{"line":83,"column":4},"end":{"line":85,"column":5}}]},"14":{"loc":{"start":{"line":91,"column":21},"end":{"line":91,"column":82}},"type":"cond-expr","locations":[{"start":{"line":91,"column":53},"end":{"line":91,"column":72}},{"start":{"line":91,"column":75},"end":{"line":91,"column":82}}]}},"s":{"0":2,"1":2,"2":2,"3":2,"4":2,"5":2,"6":2,"7":2,"8":0,"9":2,"10":1,"11":2,"12":2,"13":1104,"14":1104,"15":1104,"16":1104,"17":1104,"18":1104,"19":1104,"20":1104,"21":0,"22":1104,"23":0,"24":1104,"25":0,"26":1104,"27":1104,"28":1104,"29":1104,"30":1054,"31":1104,"32":2,"33":2,"34":2},"f":{"0":2,"1":2,"2":1104},"b":{"0":[0],"1":[0],"2":[1],"3":[0,1104],"4":[0,1104],"5":[1104,0],"6":[0,0],"7":[0,0],"8":[0,1104],"9":[0,0],"10":[1104],"11":[1104,1104],"12":[0,1104],"13":[1054],"14":[0,1104]}}
,"/Users/edmunddao/_SPACE/64blit/libraries/library-better-react-state/src/core/types.ts": {"path":"/Users/edmunddao/_SPACE/64blit/libraries/library-better-react-state/src/core/types.ts","statementMap":{"0":{"start":{"line":438,"column":0},"end":{"line":438,"column":16}},"1":{"start":{"line":446,"column":0},"end":{"line":446,"column":16}},"2":{"start":{"line":453,"column":0},"end":{"line":453,"column":16}},"3":{"start":{"line":301,"column":4},"end":{"line":301,"column":19}},"4":{"start":{"line":298,"column":20},"end":{"line":298,"column":40}},"5":{"start":{"line":299,"column":20},"end":{"line":299,"column":39}},"6":{"start":{"line":302,"column":4},"end":{"line":302,"column":38}},"7":{"start":{"line":304,"column":4},"end":{"line":304,"column":63}},"8":{"start":{"line":295,"column":0},"end":{"line":295,"column":13}},"9":{"start":{"line":442,"column":2},"end":{"line":442,"column":29}},"10":{"start":{"line":449,"column":2},"end":{"line":449,"column":36}},"11":{"start":{"line":456,"column":2},"end":{"line":456,"column":37}}},"fnMap":{"0":{"name":"(anonymous_0)","decl":{"start":{"line":296,"column":2},"end":{"line":296,"column":null}},"loc":{"start":{"line":299,"column":39},"end":{"line":305,"column":3}}},"1":{"name":"pendingResult","decl":{"start":{"line":438,"column":16},"end":{"line":438,"column":29}},"loc":{"start":{"line":438,"column":29},"end":{"line":443,"column":1}}},"2":{"name":"successResult","decl":{"start":{"line":446,"column":16},"end":{"line":446,"column":29}},"loc":{"start":{"line":447,"column":13},"end":{"line":450,"column":1}}},"3":{"name":"errorResult","decl":{"start":{"line":453,"column":16},"end":{"line":453,"column":27}},"loc":{"start":{"line":454,"column":15},"end":{"line":457,"column":1}}}},"branchMap":{},"s":{"0":2,"1":2,"2":2,"3":0,"4":0,"5":0,"6":0,"7":0,"8":2,"9":0,"10":0,"11":0},"f":{"0":0,"1":0,"2":0,"3":0},"b":{}}
,"/Users/edmunddao/_SPACE/64blit/libraries/library-better-react-state/src/devtools/stateUtils.ts": {"path":"/Users/edmunddao/_SPACE/64blit/libraries/library-better-react-state/src/devtools/stateUtils.ts","statementMap":{"0":{"start":{"line":13,"column":0},"end":{"line":13,"column":16}},"1":{"start":{"line":78,"column":0},"end":{"line":78,"column":16}},"2":{"start":{"line":3,"column":0},"end":{"line":3,"column":39}},"3":{"start":{"line":16,"column":23},"end":{"line":16,"column":42}},"4":{"start":{"line":24,"column":2},"end":{"line":32,"column":3}},"5":{"start":{"line":25,"column":4},"end":{"line":25,"column":59}},"6":{"start":{"line":27,"column":4},"end":{"line":27,"column":119}},"7":{"start":{"line":30,"column":4},"end":{"line":30,"column":73}},"8":{"start":{"line":31,"column":4},"end":{"line":31,"column":31}},"9":{"start":{"line":44,"column":2},"end":{"line":44,"column":21}},"10":{"start":{"line":82,"column":2},"end":{"line":89,"column":3}},"11":{"start":{"line":83,"column":24},"end":{"line":83,"column":50}},"12":{"start":{"line":85,"column":4},"end":{"line":85,"column":50}},"13":{"start":{"line":87,"column":4},"end":{"line":87,"column":47}},"14":{"start":{"line":88,"column":4},"end":{"line":88,"column":21}}},"fnMap":{"0":{"name":"createStateSnapshot","decl":{"start":{"line":13,"column":16},"end":{"line":13,"column":35}},"loc":{"start":{"line":14,"column":23},"end":{"line":45,"column":1}}},"1":{"name":"diffStates","decl":{"start":{"line":78,"column":16},"end":{"line":78,"column":26}},"loc":{"start":{"line":80,"column":23},"end":{"line":90,"column":1}}}},"branchMap":{},"s":{"0":2,"1":2,"2":2,"3":0,"4":0,"5":0,"6":0,"7":0,"8":0,"9":0,"10":0,"11":0,"12":0,"13":0,"14":0},"f":{"0":0,"1":0},"b":{}}
,"/Users/edmunddao/_SPACE/64blit/libraries/library-better-react-state/src/devtools/timeTravel.ts": {"path":"/Users/edmunddao/_SPACE/64blit/libraries/library-better-react-state/src/devtools/timeTravel.ts","statementMap":{"0":{"start":{"line":12,"column":0},"end":{"line":12,"column":16}},"1":{"start":{"line":31,"column":0},"end":{"line":31,"column":16}},"2":{"start":{"line":2,"column":0},"end":{"line":2,"column":38}},"3":{"start":{"line":3,"column":0},"end":{"line":3,"column":72}},"4":{"start":{"line":13,"column":2},"end":{"line":15,"column":3}},"5":{"start":{"line":14,"column":4},"end":{"line":14,"column":14}},"6":{"start":{"line":17,"column":2},"end":{"line":17,"column":75}},"7":{"start":{"line":37,"column":2},"end":{"line":40,"column":3}},"8":{"start":{"line":38,"column":4},"end":{"line":38,"column":67}},"9":{"start":{"line":39,"column":4},"end":{"line":39,"column":17}},"10":{"start":{"line":42,"column":18},"end":{"line":42,"column":44}},"11":{"start":{"line":43,"column":2},"end":{"line":46,"column":3}},"12":{"start":{"line":44,"column":4},"end":{"line":44,"column":147}},"13":{"start":{"line":45,"column":4},"end":{"line":45,"column":17}},"14":{"start":{"line":48,"column":16},"end":{"line":48,"column":37}},"15":{"start":{"line":49,"column":25},"end":{"line":49,"column":92}},"16":{"start":{"line":51,"column":2},"end":{"line":55,"column":3}},"17":{"start":{"line":52,"column":4},"end":{"line":52,"column":49}},"18":{"start":{"line":53,"column":4},"end":{"line":53,"column":123}},"19":{"start":{"line":54,"column":4},"end":{"line":54,"column":16}},"20":{"start":{"line":56,"column":2},"end":{"line":56,"column":15}}},"fnMap":{"0":{"name":"getStoreHistory","decl":{"start":{"line":12,"column":16},"end":{"line":12,"column":31}},"loc":{"start":{"line":12,"column":67},"end":{"line":18,"column":1}}},"1":{"name":"jumpToHistoryState","decl":{"start":{"line":31,"column":16},"end":{"line":31,"column":34}},"loc":{"start":{"line":35,"column":58},"end":{"line":57,"column":1}}}},"branchMap":{"0":{"loc":{"start":{"line":13,"column":2},"end":{"line":15,"column":3}},"type":"if","locations":[{"start":{"line":13,"column":2},"end":{"line":15,"column":3}}]},"1":{"loc":{"start":{"line":13,"column":6},"end":{"line":13,"column":59}},"type":"binary-expr","locations":[{"start":{"line":13,"column":6},"end":{"line":13,"column":28}},{"start":{"line":13,"column":32},"end":{"line":13,"column":59}}]},"2":{"loc":{"start":{"line":35,"column":2},"end":{"line":35,"column":58}},"type":"default-arg","locations":[{"start":{"line":35,"column":47},"end":{"line":35,"column":58}}]},"3":{"loc":{"start":{"line":37,"column":2},"end":{"line":40,"column":3}},"type":"if","locations":[{"start":{"line":37,"column":2},"end":{"line":40,"column":3}}]},"4":{"loc":{"start":{"line":43,"column":2},"end":{"line":46,"column":3}},"type":"if","locations":[{"start":{"line":43,"column":2},"end":{"line":46,"column":3}}]},"5":{"loc":{"start":{"line":43,"column":6},"end":{"line":43,"column":68}},"type":"binary-expr","locations":[{"start":{"line":43,"column":6},"end":{"line":43,"column":14}},{"start":{"line":43,"column":18},"end":{"line":43,"column":34}},{"start":{"line":43,"column":38},"end":{"line":43,"column":68}}]},"6":{"loc":{"start":{"line":44,"column":123},"end":{"line":44,"column":143}},"type":"binary-expr","locations":[{"start":{"line":44,"column":123},"end":{"line":44,"column":138}},{"start":{"line":44,"column":142},"end":{"line":44,"column":143}}]},"7":{"loc":{"start":{"line":44,"column":123},"end":{"line":44,"column":138}},"type":"cond-expr","locations":[{"start":{"line":44,"column":130},"end":{"line":44,"column":132}},{"start":{"line":44,"column":123},"end":{"line":44,"column":138}}]},"8":{"loc":{"start":{"line":44,"column":123},"end":{"line":44,"column":132}},"type":"binary-expr","locations":[{"start":{"line":44,"column":123},"end":{"line":44,"column":132}},{"start":{"line":44,"column":123},"end":{"line":44,"column":132}}]},"9":{"loc":{"start":{"line":49,"column":25},"end":{"line":49,"column":92}},"type":"cond-expr","locations":[{"start":{"line":49,"column":59},"end":{"line":49,"column":74}},{"start":{"line":49,"column":77},"end":{"line":49,"column":92}}]},"10":{"loc":{"start":{"line":51,"column":2},"end":{"line":55,"column":3}},"type":"if","locations":[{"start":{"line":51,"column":2},"end":{"line":55,"column":3}}]}},"s":{"0":2,"1":2,"2":2,"3":2,"4":0,"5":0,"6":0,"7":0,"8":0,"9":0,"10":0,"11":0,"12":0,"13":0,"14":0,"15":0,"16":0,"17":0,"18":0,"19":0,"20":0},"f":{"0":0,"1":0},"b":{"0":[0],"1":[0,0],"2":[0],"3":[0],"4":[0],"5":[0,0,0],"6":[0,0],"7":[0,0],"8":[0,0],"9":[0,0],"10":[0]}}
,"/Users/edmunddao/_SPACE/64blit/libraries/library-better-react-state/src/domain/DomainEntity.ts": {"path":"/Users/edmunddao/_SPACE/64blit/libraries/library-better-react-state/src/domain/DomainEntity.ts","statementMap":{"0":{"start":{"line":1,"column":0},"end":{"line":1,"column":24}},"1":{"start":{"line":15,"column":19},"end":{"line":15,"column":41}},"2":{"start":{"line":16,"column":4},"end":{"line":18,"column":5}},"3":{"start":{"line":17,"column":6},"end":{"line":17,"column":43}},"4":{"start":{"line":19,"column":4},"end":{"line":19,"column":23}},"5":{"start":{"line":6,"column":0},"end":{"line":6,"column":22}},"6":{"start":{"line":31,"column":4},"end":{"line":31,"column":12}},"7":{"start":{"line":32,"column":19},"end":{"line":35,"column":6}},"8":{"start":{"line":36,"column":26},"end":{"line":36,"column":53}},"9":{"start":{"line":37,"column":4},"end":{"line":37,"column":31}},"10":{"start":{"line":38,"column":4},"end":{"line":38,"column":35}},"11":{"start":{"line":42,"column":4},"end":{"line":42,"column":19}},"12":{"start":{"line":46,"column":4},"end":{"line":46,"column":21}},"13":{"start":{"line":26,"column":0},"end":{"line":26,"column":13}}},"fnMap":{"0":{"name":"(anonymous_0)","decl":{"start":{"line":14,"column":12},"end":{"line":14,"column":20}},"loc":{"start":{"line":14,"column":61},"end":{"line":20,"column":3}}},"1":{"name":"(anonymous_1)","decl":{"start":{"line":30,"column":2},"end":{"line":30,"column":14}},"loc":{"start":{"line":30,"column":48},"end":{"line":39,"column":3}}},"2":{"name":"(anonymous_2)","decl":{"start":{"line":41,"column":2},"end":{"line":41,"column":7}},"loc":{"start":{"line":41,"column":7},"end":{"line":43,"column":3}}},"3":{"name":"(anonymous_3)","decl":{"start":{"line":45,"column":2},"end":{"line":45,"column":9}},"loc":{"start":{"line":45,"column":9},"end":{"line":47,"column":3}}}},"branchMap":{"0":{"loc":{"start":{"line":16,"column":4},"end":{"line":18,"column":5}},"type":"if","locations":[{"start":{"line":16,"column":4},"end":{"line":18,"column":5}}]}},"s":{"0":0,"1":0,"2":0,"3":0,"4":0,"5":0,"6":0,"7":0,"8":0,"9":0,"10":0,"11":0,"12":0,"13":0},"f":{"0":0,"1":0,"2":0,"3":0},"b":{"0":[0]}}
,"/Users/edmunddao/_SPACE/64blit/libraries/library-better-react-state/src/domain/DomainError.ts": {"path":"/Users/edmunddao/_SPACE/64blit/libraries/library-better-react-state/src/domain/DomainError.ts","statementMap":{"0":{"start":{"line":22,"column":4},"end":{"line":22,"column":19}},"1":{"start":{"line":23,"column":4},"end":{"line":23,"column":30}},"2":{"start":{"line":24,"column":4},"end":{"line":24,"column":21}},"3":{"start":{"line":25,"column":4},"end":{"line":25,"column":27}},"4":{"start":{"line":28,"column":4},"end":{"line":28,"column":55}},"5":{"start":{"line":39,"column":4},"end":{"line":39,"column":51}},"6":{"start":{"line":47,"column":4},"end":{"line":53,"column":6}},"7":{"start":{"line":4,"column":0},"end":{"line":4,"column":13}},"8":{"start":{"line":67,"column":4},"end":{"line":67,"column":57}},"9":{"start":{"line":68,"column":4},"end":{"line":68,"column":34}},"10":{"start":{"line":71,"column":4},"end":{"line":71,"column":59}},"11":{"start":{"line":81,"column":4},"end":{"line":81,"column":58}},"12":{"start":{"line":89,"column":4},"end":{"line":91,"column":5}},"13":{"start":{"line":90,"column":6},"end":{"line":90,"column":79}},"14":{"start":{"line":92,"column":4},"end":{"line":92,"column":51}},"15":{"start":{"line":100,"column":4},"end":{"line":100,"column":30}},"16":{"start":{"line":60,"column":0},"end":{"line":60,"column":13}},"17":{"start":{"line":114,"column":20},"end":{"line":116,"column":33}},"18":{"start":{"line":118,"column":4},"end":{"line":118,"column":59}},"19":{"start":{"line":119,"column":4},"end":{"line":119,"column":38}},"20":{"start":{"line":122,"column":4},"end":{"line":122,"column":63}},"21":{"start":{"line":132,"column":4},"end":{"line":132,"column":51}},"22":{"start":{"line":140,"column":4},"end":{"line":142,"column":5}},"23":{"start":{"line":141,"column":6},"end":{"line":141,"column":69}},"24":{"start":{"line":143,"column":4},"end":{"line":143,"column":51}},"25":{"start":{"line":107,"column":0},"end":{"line":107,"column":13}},"26":{"start":{"line":158,"column":4},"end":{"line":158,"column":68}},"27":{"start":{"line":159,"column":4},"end":{"line":159,"column":36}},"28":{"start":{"line":162,"column":4},"end":{"line":162,"column":61}},"29":{"start":{"line":173,"column":4},"end":{"line":173,"column":57}},"30":{"start":{"line":181,"column":4},"end":{"line":183,"column":5}},"31":{"start":{"line":182,"column":6},"end":{"line":182,"column":67}},"32":{"start":{"line":184,"column":4},"end":{"line":184,"column":51}},"33":{"start":{"line":150,"column":0},"end":{"line":150,"column":13}},"34":{"start":{"line":199,"column":4},"end":{"line":203,"column":6}},"35":{"start":{"line":204,"column":4},"end":{"line":204,"column":42}},"36":{"start":{"line":207,"column":4},"end":{"line":207,"column":67}},"37":{"start":{"line":218,"column":4},"end":{"line":218,"column":69}},"38":{"start":{"line":226,"column":4},"end":{"line":231,"column":5}},"39":{"start":{"line":227,"column":47},"end":{"line":227,"column":54}},"40":{"start":{"line":228,"column":6},"end":{"line":230,"column":7}},"41":{"start":{"line":229,"column":8},"end":{"line":229,"column":73}},"42":{"start":{"line":232,"column":4},"end":{"line":232,"column":51}},"43":{"start":{"line":191,"column":0},"end":{"line":191,"column":13}},"44":{"start":{"line":246,"column":4},"end":{"line":246,"column":52}},"45":{"start":{"line":247,"column":4},"end":{"line":247,"column":35}},"46":{"start":{"line":250,"column":4},"end":{"line":250,"column":60}},"47":{"start":{"line":260,"column":4},"end":{"line":260,"column":50}},"48":{"start":{"line":268,"column":4},"end":{"line":270,"column":5}},"49":{"start":{"line":269,"column":6},"end":{"line":269,"column":52}},"50":{"start":{"line":271,"column":4},"end":{"line":271,"column":51}},"51":{"start":{"line":239,"column":0},"end":{"line":239,"column":13}}},"fnMap":{"0":{"name":"(anonymous_0)","decl":{"start":{"line":21,"column":2},"end":{"line":21,"column":14}},"loc":{"start":{"line":21,"column":58},"end":{"line":29,"column":3}}},"1":{"name":"(anonymous_1)","decl":{"start":{"line":38,"column":2},"end":{"line":38,"column":8}},"loc":{"start":{"line":38,"column":60},"end":{"line":40,"column":3}}},"2":{"name":"(anonymous_2)","decl":{"start":{"line":46,"column":2},"end":{"line":46,"column":11}},"loc":{"start":{"line":46,"column":11},"end":{"line":54,"column":3}}},"3":{"name":"(anonymous_3)","decl":{"start":{"line":66,"column":2},"end":{"line":66,"column":14}},"loc":{"start":{"line":66,"column":74},"end":{"line":72,"column":3}}},"4":{"name":"(anonymous_4)","decl":{"start":{"line":80,"column":2},"end":{"line":80,"column":8}},"loc":{"start":{"line":80,"column":96},"end":{"line":82,"column":3}}},"5":{"name":"(anonymous_5)","decl":{"start":{"line":88,"column":2},"end":{"line":88,"column":8}},"loc":{"start":{"line":88,"column":60},"end":{"line":93,"column":3}}},"6":{"name":"(anonymous_6)","decl":{"start":{"line":99,"column":2},"end":{"line":99,"column":21}},"loc":{"start":{"line":99,"column":21},"end":{"line":101,"column":3}}},"7":{"name":"(anonymous_7)","decl":{"start":{"line":113,"column":2},"end":{"line":113,"column":14}},"loc":{"start":{"line":113,"column":54},"end":{"line":123,"column":3}}},"8":{"name":"(anonymous_8)","decl":{"start":{"line":131,"column":2},"end":{"line":131,"column":8}},"loc":{"start":{"line":131,"column":65},"end":{"line":133,"column":3}}},"9":{"name":"(anonymous_9)","decl":{"start":{"line":139,"column":2},"end":{"line":139,"column":8}},"loc":{"start":{"line":139,"column":60},"end":{"line":144,"column":3}}},"10":{"name":"(anonymous_10)","decl":{"start":{"line":157,"column":2},"end":{"line":157,"column":14}},"loc":{"start":{"line":157,"column":58},"end":{"line":163,"column":3}}},"11":{"name":"(anonymous_11)","decl":{"start":{"line":172,"column":2},"end":{"line":172,"column":8}},"loc":{"start":{"line":172,"column":67},"end":{"line":174,"column":3}}},"12":{"name":"(anonymous_12)","decl":{"start":{"line":180,"column":2},"end":{"line":180,"column":8}},"loc":{"start":{"line":180,"column":60},"end":{"line":185,"column":3}}},"13":{"name":"(anonymous_13)","decl":{"start":{"line":198,"column":2},"end":{"line":198,"column":14}},"loc":{"start":{"line":198,"column":66},"end":{"line":208,"column":3}}},"14":{"name":"(anonymous_14)","decl":{"start":{"line":217,"column":2},"end":{"line":217,"column":8}},"loc":{"start":{"line":217,"column":80},"end":{"line":219,"column":3}}},"15":{"name":"(anonymous_15)","decl":{"start":{"line":225,"column":2},"end":{"line":225,"column":8}},"loc":{"start":{"line":225,"column":60},"end":{"line":233,"column":3}}},"16":{"name":"(anonymous_16)","decl":{"start":{"line":245,"column":2},"end":{"line":245,"column":14}},"loc":{"start":{"line":245,"column":44},"end":{"line":251,"column":3}}},"17":{"name":"(anonymous_17)","decl":{"start":{"line":259,"column":2},"end":{"line":259,"column":8}},"loc":{"start":{"line":259,"column":57},"end":{"line":261,"column":3}}},"18":{"name":"(anonymous_18)","decl":{"start":{"line":267,"column":2},"end":{"line":267,"column":8}},"loc":{"start":{"line":267,"column":60},"end":{"line":272,"column":3}}}},"branchMap":{"0":{"loc":{"start":{"line":89,"column":4},"end":{"line":91,"column":5}},"type":"if","locations":[{"start":{"line":89,"column":4},"end":{"line":91,"column":5}}]},"1":{"loc":{"start":{"line":100,"column":11},"end":{"line":100,"column":29}},"type":"binary-expr","locations":[{"start":{"line":100,"column":11},"end":{"line":100,"column":23}},{"start":{"line":100,"column":27},"end":{"line":100,"column":29}}]},"2":{"loc":{"start":{"line":114,"column":20},"end":{"line":116,"column":33}},"type":"cond-expr","locations":[{"start":{"line":115,"column":8},"end":{"line":115,"column":47}},{"start":{"line":116,"column":8},"end":{"line":116,"column":33}}]},"3":{"loc":{"start":{"line":140,"column":4},"end":{"line":142,"column":5}},"type":"if","locations":[{"start":{"line":140,"column":4},"end":{"line":142,"column":5}}]},"4":{"loc":{"start":{"line":140,"column":8},"end":{"line":140,"column":73}},"type":"binary-expr","locations":[{"start":{"line":140,"column":8},"end":{"line":140,"column":35}},{"start":{"line":140,"column":39},"end":{"line":140,"column":46}},{"start":{"line":140,"column":50},"end":{"line":140,"column":73}}]},"5":{"loc":{"start":{"line":181,"column":4},"end":{"line":183,"column":5}},"type":"if","locations":[{"start":{"line":181,"column":4},"end":{"line":183,"column":5}}]},"6":{"loc":{"start":{"line":181,"column":8},"end":{"line":181,"column":74}},"type":"binary-expr","locations":[{"start":{"line":181,"column":8},"end":{"line":181,"column":42}},{"start":{"line":181,"column":46},"end":{"line":181,"column":53}},{"start":{"line":181,"column":57},"end":{"line":181,"column":74}}]},"7":{"loc":{"start":{"line":226,"column":4},"end":{"line":231,"column":5}},"type":"if","locations":[{"start":{"line":226,"column":4},"end":{"line":231,"column":5}}]},"8":{"loc":{"start":{"line":226,"column":8},"end":{"line":226,"column":50}},"type":"binary-expr","locations":[{"start":{"line":226,"column":8},"end":{"line":226,"column":39}},{"start":{"line":226,"column":43},"end":{"line":226,"column":50}}]},"9":{"loc":{"start":{"line":228,"column":6},"end":{"line":230,"column":7}},"type":"if","locations":[{"start":{"line":228,"column":6},"end":{"line":230,"column":7}}]},"10":{"loc":{"start":{"line":228,"column":10},"end":{"line":228,"column":53}},"type":"binary-expr","locations":[{"start":{"line":228,"column":10},"end":{"line":228,"column":19}},{"start":{"line":228,"column":23},"end":{"line":228,"column":53}}]},"11":{"loc":{"start":{"line":268,"column":4},"end":{"line":270,"column":5}},"type":"if","locations":[{"start":{"line":268,"column":4},"end":{"line":270,"column":5}}]}},"s":{"0":8,"1":8,"2":8,"3":8,"4":8,"5":1,"6":1,"7":4,"8":1,"9":1,"10":1,"11":0,"12":0,"13":0,"14":0,"15":1,"16":4,"17":1,"18":1,"19":1,"20":1,"21":0,"22":0,"23":0,"24":0,"25":4,"26":1,"27":1,"28":1,"29":0,"30":0,"31":0,"32":0,"33":4,"34":1,"35":1,"36":1,"37":0,"38":0,"39":0,"40":0,"41":0,"42":0,"43":4,"44":0,"45":0,"46":0,"47":0,"48":0,"49":0,"50":0,"51":4},"f":{"0":8,"1":1,"2":1,"3":1,"4":0,"5":0,"6":1,"7":1,"8":0,"9":0,"10":1,"11":0,"12":0,"13":1,"14":0,"15":0,"16":0,"17":0,"18":0},"b":{"0":[0],"1":[1,0],"2":[1,0],"3":[0],"4":[0,0,0],"5":[0],"6":[0,0,0],"7":[0],"8":[0,0],"9":[0],"10":[0,0],"11":[0]}}
,"/Users/edmunddao/_SPACE/64blit/libraries/library-better-react-state/src/domain/DomainEvent.ts": {"path":"/Users/edmunddao/_SPACE/64blit/libraries/library-better-react-state/src/domain/DomainEvent.ts","statementMap":{"0":{"start":{"line":80,"column":0},"end":{"line":80,"column":16}},"1":{"start":{"line":335,"column":0},"end":{"line":335,"column":7}},"2":{"start":{"line":350,"column":0},"end":{"line":350,"column":16}},"3":{"start":{"line":1,"column":0},"end":{"line":1,"column":41}},"4":{"start":{"line":2,"column":0},"end":{"line":2,"column":65}},"5":{"start":{"line":3,"column":0},"end":{"line":3,"column":46}},"6":{"start":{"line":4,"column":0},"end":{"line":4,"column":38}},"7":{"start":{"line":85,"column":55},"end":{"line":85,"column":62}},"8":{"start":{"line":87,"column":2},"end":{"line":90,"column":3}},"9":{"start":{"line":88,"column":23},"end":{"line":88,"column":40}},"10":{"start":{"line":89,"column":4},"end":{"line":89,"column":37}},"11":{"start":{"line":92,"column":2},"end":{"line":97,"column":4}},"12":{"start":{"line":113,"column":4},"end":{"line":115,"column":5}},"13":{"start":{"line":114,"column":6},"end":{"line":114,"column":54}},"14":{"start":{"line":116,"column":4},"end":{"line":116,"column":36}},"15":{"start":{"line":105,"column":10},"end":{"line":105,"column":70}},"16":{"start":{"line":106,"column":10},"end":{"line":106,"column":44}},"17":{"start":{"line":124,"column":25},"end":{"line":124,"column":36}},"18":{"start":{"line":125,"column":4},"end":{"line":129,"column":6}},"19":{"start":{"line":137,"column":25},"end":{"line":137,"column":36}},"20":{"start":{"line":139,"column":34},"end":{"line":141,"column":30}},"21":{"start":{"line":143,"column":4},"end":{"line":147,"column":6}},"22":{"start":{"line":148,"column":4},"end":{"line":148,"column":61}},"23":{"start":{"line":162,"column":4},"end":{"line":164,"column":5}},"24":{"start":{"line":163,"column":6},"end":{"line":163,"column":67}},"25":{"start":{"line":167,"column":21},"end":{"line":167,"column":50}},"26":{"start":{"line":168,"column":4},"end":{"line":170,"column":5}},"27":{"start":{"line":169,"column":6},"end":{"line":169,"column":50}},"28":{"start":{"line":172,"column":4},"end":{"line":181,"column":6}},"29":{"start":{"line":173,"column":23},"end":{"line":173,"column":52}},"30":{"start":{"line":174,"column":6},"end":{"line":180,"column":7}},"31":{"start":{"line":175,"column":8},"end":{"line":175,"column":55}},"32":{"start":{"line":177,"column":8},"end":{"line":179,"column":9}},"33":{"start":{"line":178,"column":10},"end":{"line":178,"column":43}},"34":{"start":{"line":194,"column":33},"end":{"line":195,"column":null}},"35":{"start":{"line":195,"column":19},"end":{"line":195,"column":53}},"36":{"start":{"line":198,"column":4},"end":{"line":200,"column":6}},"37":{"start":{"line":199,"column":6},"end":{"line":199,"column":65}},"38":{"start":{"line":199,"column":50},"end":{"line":199,"column":63}},"39":{"start":{"line":210,"column":4},"end":{"line":212,"column":5}},"40":{"start":{"line":211,"column":6},"end":{"line":211,"column":60}},"41":{"start":{"line":215,"column":4},"end":{"line":222,"column":5}},"42":{"start":{"line":216,"column":6},"end":{"line":216,"column":37}},"43":{"start":{"line":219,"column":6},"end":{"line":221,"column":7}},"44":{"start":{"line":220,"column":8},"end":{"line":220,"column":35}},"45":{"start":{"line":224,"column":21},"end":{"line":224,"column":51}},"46":{"start":{"line":225,"column":4},"end":{"line":230,"column":5}},"47":{"start":{"line":226,"column":6},"end":{"line":228,"column":7}},"48":{"start":{"line":227,"column":8},"end":{"line":227,"column":61}},"49":{"start":{"line":229,"column":6},"end":{"line":229,"column":13}},"50":{"start":{"line":232,"column":38},"end":{"line":232,"column":40}},"51":{"start":{"line":234,"column":4},"end":{"line":286,"column":5}},"52":{"start":{"line":235,"column":6},"end":{"line":285,"column":7}},"53":{"start":{"line":237,"column":8},"end":{"line":279,"column":9}},"54":{"start":{"line":238,"column":28},"end":{"line":238,"column":57}},"55":{"start":{"line":239,"column":10},"end":{"line":239,"column":46}},"56":{"start":{"line":241,"column":10},"end":{"line":264,"column":11}},"57":{"start":{"line":242,"column":27},"end":{"line":242,"column":41}},"58":{"start":{"line":244,"column":12},"end":{"line":257,"column":13}},"59":{"start":{"line":245,"column":14},"end":{"line":254,"column":16}},"60":{"start":{"line":247,"column":18},"end":{"line":250,"column":21}},"61":{"start":{"line":252,"column":18},"end":{"line":252,"column":52}},"62":{"start":{"line":256,"column":14},"end":{"line":256,"column":48}},"63":{"start":{"line":259,"column":12},"end":{"line":259,"column":46}},"64":{"start":{"line":260,"column":12},"end":{"line":263,"column":15}},"65":{"start":{"line":267,"column":25},"end":{"line":267,"column":39}},"66":{"start":{"line":269,"column":10},"end":{"line":278,"column":11}},"67":{"start":{"line":270,"column":12},"end":{"line":277,"column":14}},"68":{"start":{"line":272,"column":16},"end":{"line":275,"column":19}},"69":{"start":{"line":281,"column":8},"end":{"line":284,"column":11}},"70":{"start":{"line":288,"column":4},"end":{"line":290,"column":5}},"71":{"start":{"line":289,"column":6},"end":{"line":289,"column":34}},"72":{"start":{"line":299,"column":4},"end":{"line":301,"column":5}},"73":{"start":{"line":300,"column":6},"end":{"line":300,"column":37}},"74":{"start":{"line":303,"column":4},"end":{"line":303,"column":45}},"75":{"start":{"line":310,"column":4},"end":{"line":310,"column":27}},"76":{"start":{"line":311,"column":4},"end":{"line":311,"column":52}},"77":{"start":{"line":318,"column":4},"end":{"line":318,"column":28}},"78":{"start":{"line":319,"column":4},"end":{"line":319,"column":42}},"79":{"start":{"line":103,"column":0},"end":{"line":103,"column":13}},"80":{"start":{"line":326,"column":13},"end":{"line":326,"column":48}},"81":{"start":{"line":340,"column":16},"end":{"line":340,"column":57}},"82":{"start":{"line":341,"column":2},"end":{"line":341,"column":33}},"83":{"start":{"line":354,"column":2},"end":{"line":403,"column":4}},"84":{"start":{"line":359,"column":27},"end":{"line":359,"column":43}},"85":{"start":{"line":361,"column":4},"end":{"line":363,"column":5}},"86":{"start":{"line":362,"column":6},"end":{"line":362,"column":81}},"87":{"start":{"line":365,"column":4},"end":{"line":400,"column":6}},"88":{"start":{"line":366,"column":21},"end":{"line":366,"column":53}},"89":{"start":{"line":369,"column":6},"end":{"line":385,"column":7}},"90":{"start":{"line":370,"column":28},"end":{"line":370,"column":40}},"91":{"start":{"line":373,"column":24},"end":{"line":375,"column":41}},"92":{"start":{"line":377,"column":8},"end":{"line":382,"column":11}},"93":{"start":{"line":384,"column":8},"end":{"line":384,"column":27}},"94":{"start":{"line":388,"column":22},"end":{"line":390,"column":26}},"95":{"start":{"line":392,"column":6},"end":{"line":397,"column":9}},"96":{"start":{"line":399,"column":6},"end":{"line":399,"column":20}},"97":{"start":{"line":402,"column":4},"end":{"line":402,"column":22}}},"fnMap":{"0":{"name":"createDomainEvent","decl":{"start":{"line":80,"column":16},"end":{"line":80,"column":33}},"loc":{"start":{"line":83,"column":40},"end":{"line":98,"column":1}}},"1":{"name":"(anonymous_1)","decl":{"start":{"line":112,"column":2},"end":{"line":112,"column":8}},"loc":{"start":{"line":112,"column":21},"end":{"line":117,"column":3}}},"2":{"name":"(anonymous_2)","decl":{"start":{"line":122,"column":2},"end":{"line":122,"column":null}},"loc":{"start":{"line":122,"column":2},"end":{"line":130,"column":3}}},"3":{"name":"(anonymous_3)","decl":{"start":{"line":136,"column":2},"end":{"line":136,"column":11}},"loc":{"start":{"line":136,"column":45},"end":{"line":149,"column":3}}},"4":{"name":"(anonymous_4)","decl":{"start":{"line":157,"column":2},"end":{"line":157,"column":11}},"loc":{"start":{"line":159,"column":34},"end":{"line":182,"column":3}}},"5":{"name":"(anonymous_5)","decl":{"start":{"line":172,"column":11},"end":{"line":172,"column":14}},"loc":{"start":{"line":172,"column":16},"end":{"line":181,"column":5}}},"6":{"name":"(anonymous_6)","decl":{"start":{"line":190,"column":2},"end":{"line":190,"column":17}},"loc":{"start":{"line":192,"column":31},"end":{"line":201,"column":3}}},"7":{"name":"(anonymous_7)","decl":{"start":{"line":195,"column":6},"end":{"line":195,"column":15}},"loc":{"start":{"line":195,"column":19},"end":{"line":195,"column":53}}},"8":{"name":"(anonymous_8)","decl":{"start":{"line":198,"column":11},"end":{"line":198,"column":14}},"loc":{"start":{"line":198,"column":16},"end":{"line":200,"column":5}}},"9":{"name":"(anonymous_9)","decl":{"start":{"line":199,"column":35},"end":{"line":199,"column":46}},"loc":{"start":{"line":199,"column":50},"end":{"line":199,"column":63}}},"10":{"name":"(anonymous_10)","decl":{"start":{"line":208,"column":2},"end":{"line":208,"column":7}},"loc":{"start":{"line":208,"column":34},"end":{"line":291,"column":3}}},"11":{"name":"(anonymous_11)","decl":{"start":{"line":246,"column":29},"end":{"line":246,"column":34}},"loc":{"start":{"line":246,"column":37},"end":{"line":251,"column":17}}},"12":{"name":"(anonymous_12)","decl":{"start":{"line":251,"column":27},"end":{"line":251,"column":30}},"loc":{"start":{"line":251,"column":32},"end":{"line":253,"column":17}}},"13":{"name":"(anonymous_13)","decl":{"start":{"line":271,"column":27},"end":{"line":271,"column":32}},"loc":{"start":{"line":271,"column":35},"end":{"line":276,"column":15}}},"14":{"name":"(anonymous_14)","decl":{"start":{"line":298,"column":2},"end":{"line":298,"column":11}},"loc":{"start":{"line":298,"column":52},"end":{"line":304,"column":3}}},"15":{"name":"(anonymous_15)","decl":{"start":{"line":309,"column":2},"end":{"line":309,"column":20}},"loc":{"start":{"line":309,"column":20},"end":{"line":312,"column":3}}},"16":{"name":"(anonymous_16)","decl":{"start":{"line":317,"column":2},"end":{"line":317,"column":14}},"loc":{"start":{"line":317,"column":14},"end":{"line":320,"column":3}}},"17":{"name":"publishEvent","decl":{"start":{"line":335,"column":22},"end":{"line":335,"column":34}},"loc":{"start":{"line":338,"column":40},"end":{"line":342,"column":1}}},"18":{"name":"publishesEvent","decl":{"start":{"line":350,"column":16},"end":{"line":350,"column":30}},"loc":{"start":{"line":352,"column":50},"end":{"line":404,"column":1}}},"19":{"name":"(anonymous_19)","decl":{"start":{"line":354,"column":9},"end":{"line":354,"column":null}},"loc":{"start":{"line":357,"column":34},"end":{"line":403,"column":3}}},"20":{"name":"(anonymous_20)","decl":{"start":{"line":365,"column":23},"end":{"line":365,"column":28}},"loc":{"start":{"line":365,"column":63},"end":{"line":400,"column":5}}}},"branchMap":{"0":{"loc":{"start":{"line":83,"column":2},"end":{"line":83,"column":40}},"type":"default-arg","locations":[{"start":{"line":83,"column":38},"end":{"line":83,"column":40}}]},"1":{"loc":{"start":{"line":85,"column":10},"end":{"line":85,"column":23}},"type":"default-arg","locations":[{"start":{"line":85,"column":21},"end":{"line":85,"column":23}}]},"2":{"loc":{"start":{"line":85,"column":25},"end":{"line":85,"column":50}},"type":"default-arg","locations":[{"start":{"line":85,"column":45},"end":{"line":85,"column":50}}]},"3":{"loc":{"start":{"line":87,"column":2},"end":{"line":90,"column":3}},"type":"if","locations":[{"start":{"line":87,"column":2},"end":{"line":90,"column":3}}]},"4":{"loc":{"start":{"line":113,"column":4},"end":{"line":115,"column":5}},"type":"if","locations":[{"start":{"line":113,"column":4},"end":{"line":115,"column":5}}]},"5":{"loc":{"start":{"line":139,"column":34},"end":{"line":141,"column":30}},"type":"cond-expr","locations":[{"start":{"line":140,"column":8},"end":{"line":140,"column":34}},{"start":{"line":141,"column":8},"end":{"line":141,"column":30}}]},"6":{"loc":{"start":{"line":162,"column":4},"end":{"line":164,"column":5}},"type":"if","locations":[{"start":{"line":162,"column":4},"end":{"line":164,"column":5}}]},"7":{"loc":{"start":{"line":168,"column":4},"end":{"line":170,"column":5}},"type":"if","locations":[{"start":{"line":168,"column":4},"end":{"line":170,"column":5}}]},"8":{"loc":{"start":{"line":174,"column":6},"end":{"line":180,"column":7}},"type":"if","locations":[{"start":{"line":174,"column":6},"end":{"line":180,"column":7}}]},"9":{"loc":{"start":{"line":177,"column":8},"end":{"line":179,"column":9}},"type":"if","locations":[{"start":{"line":177,"column":8},"end":{"line":179,"column":9}}]},"10":{"loc":{"start":{"line":210,"column":4},"end":{"line":212,"column":5}},"type":"if","locations":[{"start":{"line":210,"column":4},"end":{"l
[...]
t":{"line":418,"column":13},"end":{"line":426,"column":7}}]},"16":{"loc":{"start":{"line":463,"column":4},"end":{"line":468,"column":5}},"type":"if","locations":[{"start":{"line":463,"column":4},"end":{"line":468,"column":5}}]},"17":{"loc":{"start":{"line":463,"column":8},"end":{"line":463,"column":60}},"type":"binary-expr","locations":[{"start":{"line":463,"column":8},"end":{"line":463,"column":37}},{"start":{"line":463,"column":41},"end":{"line":463,"column":60}}]},"18":{"loc":{"start":{"line":476,"column":4},"end":{"line":483,"column":5}},"type":"if","locations":[{"start":{"line":476,"column":4},"end":{"line":483,"column":5}}]},"19":{"loc":{"start":{"line":476,"column":8},"end":{"line":476,"column":60}},"type":"binary-expr","locations":[{"start":{"line":476,"column":8},"end":{"line":476,"column":37}},{"start":{"line":476,"column":41},"end":{"line":476,"column":60}}]},"20":{"loc":{"start":{"line":480,"column":6},"end":{"line":482,"column":7}},"type":"if","locations":[{"start":{"line":480,"column":6},"end":{"line":482,"column":7}}]},"21":{"loc":{"start":{"line":491,"column":4},"end":{"line":491,"column":70}},"type":"if","locations":[{"start":{"line":491,"column":4},"end":{"line":491,"column":70}}]},"22":{"loc":{"start":{"line":491,"column":8},"end":{"line":491,"column":61}},"type":"binary-expr","locations":[{"start":{"line":491,"column":8},"end":{"line":491,"column":40}},{"start":{"line":491,"column":44},"end":{"line":491,"column":61}}]},"23":{"loc":{"start":{"line":513,"column":4},"end":{"line":521,"column":5}},"type":"switch","locations":[{"start":{"line":514,"column":6},"end":{"line":517,"column":14}},{"start":{"line":519,"column":6},"end":{"line":520,"column":62}}]},"24":{"loc":{"start":{"line":546,"column":15},"end":{"line":546,"column":51}},"type":"cond-expr","locations":[{"start":{"line":546,"column":43},"end":{"line":546,"column":45}},{"start":{"line":546,"column":48},"end":{"line":546,"column":51}}]},"25":{"loc":{"start":{"line":548,"column":17},"end":{"line":548,"column":47}},"type":"cond-expr","locations":[{"start":{"line":548,"column":42},"end":{"line":548,"column":43}},{"start":{"line":548,"column":46},"end":{"line":548,"column":47}}]},"26":{"loc":{"start":{"line":354,"column":24},"end":{"line":354,"column":54}},"type":"binary-expr","locations":[{"start":{"line":354,"column":24},"end":{"line":354,"column":49}},{"start":{"line":354,"column":53},"end":{"line":354,"column":54}}]},"27":{"loc":{"start":{"line":354,"column":24},"end":{"line":354,"column":49}},"type":"cond-expr","locations":[{"start":{"line":354,"column":42},"end":{"line":354,"column":45}},{"start":{"line":354,"column":42},"end":{"line":354,"column":49}}]},"28":{"loc":{"start":{"line":354,"column":24},"end":{"line":354,"column":45}},"type":"binary-expr","locations":[{"start":{"line":354,"column":24},"end":{"line":354,"column":45}},{"start":{"line":354,"column":42},"end":{"line":354,"column":45}}]},"29":{"loc":{"start":{"line":354,"column":24},"end":{"line":354,"column":42}},"type":"cond-expr","locations":[{"start":{"line":354,"column":28},"end":{"line":354,"column":30}},{"start":{"line":354,"column":24},"end":{"line":354,"column":42}}]},"30":{"loc":{"start":{"line":354,"column":24},"end":{"line":354,"column":30}},"type":"binary-expr","locations":[{"start":{"line":354,"column":24},"end":{"line":354,"column":30}},{"start":{"line":354,"column":24},"end":{"line":354,"column":30}}]},"31":{"loc":{"start":{"line":356,"column":25},"end":{"line":356,"column":61}},"type":"binary-expr","locations":[{"start":{"line":356,"column":25},"end":{"line":356,"column":56}},{"start":{"line":356,"column":60},"end":{"line":356,"column":61}}]},"32":{"loc":{"start":{"line":356,"column":25},"end":{"line":356,"column":56}},"type":"cond-expr","locations":[{"start":{"line":356,"column":49},"end":{"line":356,"column":52}},{"start":{"line":356,"column":49},"end":{"line":356,"column":56}}]},"33":{"loc":{"start":{"line":356,"column":25},"end":{"line":356,"column":52}},"type":"binary-expr","locations":[{"start":{"line":356,"column":25},"end":{"line":356,"column":52}},{"start":{"line":356,"column":49},"end":{"line":356,"column":52}}]},"34":{"loc":{"start":{"line":356,"column":25},"end":{"line":356,"column":49}},"type":"cond-expr","locations":[{"start":{"line":356,"column":29},"end":{"line":356,"column":31}},{"start":{"line":356,"column":25},"end":{"line":356,"column":49}}]},"35":{"loc":{"start":{"line":356,"column":25},"end":{"line":356,"column":31}},"type":"binary-expr","locations":[{"start":{"line":356,"column":25},"end":{"line":356,"column":31}},{"start":{"line":356,"column":25},"end":{"line":356,"column":31}}]},"36":{"loc":{"start":{"line":357,"column":13},"end":{"line":357,"column":53}},"type":"cond-expr","locations":[{"start":{"line":357,"column":39},"end":{"line":357,"column":44}},{"start":{"line":357,"column":47},"end":{"line":357,"column":53}}]}},"s":{"0":0,"1":0,"2":0,"3":0,"4":0,"5":0,"6":0,"7":0,"8":0,"9":0,"10":0,"11":0,"12":0,"13":0,"14":0,"15":0,"16":0,"17":0,"18":0,"19":0,"20":0,"21":0,"22":0,"23":0,"24":0,"25":0,"26":0,"27":0,"28":0,"29":0,"30":0,"31":0,"32":0,"33":0,"34":0,"35":0,"36":0,"37":0,"38":0,"39":0,"40":0,"41":0,"42":0,"43":0,"44":0,"45":0,"46":0,"47":0,"48":0,"49":0,"50":0,"51":0,"52":0,"53":0,"54":0,"55":0,"56":0,"57":0,"58":0,"59":0,"60":0,"61":0,"62":0,"63":0,"64":0,"65":0,"66":0,"67":0,"68":0,"69":0,"70":0,"71":0,"72":0,"73":0,"74":0,"75":0,"76":0,"77":0,"78":0,"79":0,"80":0,"81":0,"82":0,"83":0,"84":0,"85":0,"86":0,"87":0,"88":0,"89":0,"90":0,"91":0,"92":0,"93":0,"94":0,"95":0,"96":0,"97":0,"98":0,"99":0,"100":0,"101":0,"102":0,"103":0,"104":0,"105":0,"106":0,"107":0,"108":0,"109":0,"110":0,"111":0,"112":0,"113":0,"114":0,"115":0,"116":0,"117":0,"118":0,"119":0,"120":0,"121":0,"122":0,"123":0,"124":0,"125":0,"126":0,"127":0,"128":0,"129":0,"130":0,"131":0,"132":0,"133":0,"134":0,"135":0,"136":0,"137":0,"138":0,"139":0,"140":0,"141":0,"142":0,"143":0,"144":0,"145":0},"f":{"0":0,"1":0,"2":0,"3":0,"4":0,"5":0,"6":0,"7":0,"8":0,"9":0,"10":0,"11":0,"12":0,"13":0,"14":0,"15":0,"16":0,"17":0,"18":0,"19":0,"20":0,"21":0,"22":0,"23":0,"24":0,"25":0,"26":0,"27":0,"28":0,"29":0,"30":0,"31":0,"32":0,"33":0,"34":0,"35":0,"36":0,"37":0,"38":0,"39":0,"40":0,"41":0,"42":0,"43":0,"44":0,"45":0,"46":0,"47":0,"48":0,"49":0,"50":0,"51":0,"52":0},"b":{"0":[0],"1":[0],"2":[0],"3":[0],"4":[0,0],"5":[0],"6":[0,0,0],"7":[0],"8":[0,0],"9":[0,0],"10":[0,0],"11":[0],"12":[0,0],"13":[0,0],"14":[0,0],"15":[0,0],"16":[0],"17":[0,0],"18":[0],"19":[0,0],"20":[0],"21":[0],"22":[0,0],"23":[0,0],"24":[0,0],"25":[0,0],"26":[0,0],"27":[0,0],"28":[0,0],"29":[0,0],"30":[0,0],"31":[0,0],"32":[0,0],"33":[0,0],"34":[0,0],"35":[0,0],"36":[0,0]}}
,"/Users/edmunddao/_SPACE/64blit/libraries/library-better-react-state/src/sync/SyncStrategies.ts": {"path":"/Users/edmunddao/_SPACE/64blit/libraries/library-better-react-state/src/sync/SyncStrategies.ts","statementMap":{"0":{"start":{"line":76,"column":0},"end":{"line":76,"column":16}},"1":{"start":{"line":99,"column":0},"end":{"line":99,"column":16}},"2":{"start":{"line":103,"column":0},"end":{"line":103,"column":16}},"3":{"start":{"line":107,"column":0},"end":{"line":107,"column":16}},"4":{"start":{"line":15,"column":22},"end":{"line":15,"column":48}},"5":{"start":{"line":20,"column":4},"end":{"line":20,"column":33}},"6":{"start":{"line":21,"column":4},"end":{"line":21,"column":33}},"7":{"start":{"line":14,"column":0},"end":{"line":14,"column":13}},"8":{"start":{"line":31,"column":12},"end":{"line":31,"column":38}},"9":{"start":{"line":32,"column":12},"end":{"line":32,"column":31}},"10":{"start":{"line":29,"column":10},"end":{"line":29,"column":51}},"11":{"start":{"line":35,"column":4},"end":{"line":35,"column":32}},"12":{"start":{"line":35,"column":25},"end":{"line":35,"column":32}},"13":{"start":{"line":36,"column":4},"end":{"line":39,"column":22}},"14":{"start":{"line":37,"column":6},"end":{"line":37,"column":29}},"15":{"start":{"line":38,"column":6},"end":{"line":38,"column":29}},"16":{"start":{"line":42,"column":4},"end":{"line":45,"column":5}},"17":{"start":{"line":43,"column":6},"end":{"line":43,"column":37}},"18":{"start":{"line":44,"column":6},"end":{"line":44,"column":29}},"19":{"start":{"line":28,"column":0},"end":{"line":28,"column":13}},"20":{"start":{"line":56,"column":12},"end":{"line":56,"column":38}},"21":{"start":{"line":57,"column":12},"end":{"line":57,"column":59}},"22":{"start":{"line":54,"column":10},"end":{"line":54,"column":50}},"23":{"start":{"line":60,"column":4},"end":{"line":60,"column":33}},"24":{"start":{"line":60,"column":26},"end":{"line":60,"column":33}},"25":{"start":{"line":61,"column":4},"end":{"line":63,"column":7}},"26":{"start":{"line":62,"column":6},"end":{"line":62,"column":29}},"27":{"start":{"line":66,"column":4},"end":{"line":69,"column":5}},"28":{"start":{"line":67,"column":6},"end":{"line":67,"column":25}},"29":{"start":{"line":68,"column":6},"end":{"line":68,"column":30}},"30":{"start":{"line":53,"column":0},"end":{"line":53,"column":13}},"31":{"start":{"line":84,"column":2},"end":{"line":95,"column":3}},"32":{"start":{"line":86,"column":6},"end":{"line":86,"column":48}},"33":{"start":{"line":88,"column":6},"end":{"line":88,"column":69}},"34":{"start":{"line":90,"column":6},"end":{"line":91,"column":68}},"35":{"start":{"line":91,"column":8},"end":{"line":91,"column":68}},"36":{"start":{"line":92,"column":6},"end":{"line":92,"column":69}},"37":{"start":{"line":94,"column":6},"end":{"line":94,"column":56}},"38":{"start":{"line":101,"column":2},"end":{"line":101,"column":15}},"39":{"start":{"line":105,"column":2},"end":{"line":105,"column":15}},"40":{"start":{"line":109,"column":2},"end":{"line":109,"column":15}}},"fnMap":{"0":{"name":"(anonymous_0)","decl":{"start":{"line":15,"column":2},"end":{"line":15,"column":22}},"loc":{"start":{"line":15,"column":48},"end":{"line":15,"column":52}}},"1":{"name":"(anonymous_1)","decl":{"start":{"line":16,"column":2},"end":{"line":16,"column":7}},"loc":{"start":{"line":16,"column":7},"end":{"line":16,"column":12}}},"2":{"name":"(anonymous_2)","decl":{"start":{"line":17,"column":2},"end":{"line":17,"column":6}},"loc":{"start":{"line":17,"column":6},"end":{"line":17,"column":11}}},"3":{"name":"(anonymous_3)","decl":{"start":{"line":19,"column":2},"end":{"line":19,"column":7}},"loc":{"start":{"line":19,"column":12},"end":{"line":22,"column":3}}},"4":{"name":"(anonymous_4)","decl":{"start":{"line":30,"column":2},"end":{"line":30,"column":null}},"loc":{"start":{"line":32,"column":36},"end":{"line":33,"column":6}}},"5":{"name":"(anonymous_5)","decl":{"start":{"line":34,"column":2},"end":{"line":34,"column":7}},"loc":{"start":{"line":34,"column":7},"end":{"line":40,"column":3}}},"6":{"name":"(anonymous_6)","decl":{"start":{"line":36,"column":34},"end":{"line":36,"column":37}},"loc":{"start":{"line":36,"column":39},"end":{"line":39,"column":5}}},"7":{"name":"(anonymous_7)","decl":{"start":{"line":41,"column":2},"end":{"line":41,"column":6}},"loc":{"start":{"line":41,"column":6},"end":{"line":46,"column":3}}},"8":{"name":"(anonymous_8)","decl":{"start":{"line":55,"column":2},"end":{"line":55,"column":null}},"loc":{"start":{"line":57,"column":59},"end":{"line":58,"column":6}}},"9":{"name":"(anonymous_9)","decl":{"start":{"line":59,"column":2},"end":{"line":59,"column":7}},"loc":{"start":{"line":59,"column":7},"end":{"line":64,"column":3}}},"10":{"name":"(anonymous_10)","decl":{"start":{"line":61,"column":38},"end":{"line":61,"column":41}},"loc":{"start":{"line":61,"column":43},"end":{"line":63,"column":5}}},"11":{"name":"(anonymous_11)","decl":{"start":{"line":65,"column":2},"end":{"line":65,"column":6}},"loc":{"start":{"line":65,"column":6},"end":{"line":70,"column":3}}},"12":{"name":"createSyncStrategy","decl":{"start":{"line":76,"column":16},"end":{"line":76,"column":34}},"loc":{"start":{"line":82,"column":3},"end":{"line":96,"column":1}}},"13":{"name":"isBatteryLow","decl":{"start":{"line":99,"column":16},"end":{"line":99,"column":28}},"loc":{"start":{"line":99,"column":28},"end":{"line":102,"column":1}}},"14":{"name":"isNetworkMetered","decl":{"start":{"line":103,"column":16},"end":{"line":103,"column":32}},"loc":{"start":{"line":103,"column":32},"end":{"line":106,"column":1}}},"15":{"name":"isUserIdle","decl":{"start":{"line":107,"column":16},"end":{"line":107,"column":26}},"loc":{"start":{"line":107,"column":26},"end":{"line":110,"column":1}}}},"branchMap":{"0":{"loc":{"start":{"line":32,"column":12},"end":{"line":32,"column":36}},"type":"default-arg","locations":[{"start":{"line":32,"column":31},"end":{"line":32,"column":36}}]},"1":{"loc":{"start":{"line":35,"column":4},"end":{"line":35,"column":32}},"type":"if","locations":[{"start":{"line":35,"column":4},"end":{"line":35,"column":32}}]},"2":{"loc":{"start":{"line":42,"column":4},"end":{"line":45,"column":5}},"type":"if","locations":[{"start":{"line":42,"column":4},"end":{"line":45,"column":5}}]},"3":{"loc":{"start":{"line":60,"column":4},"end":{"line":60,"column":33}},"type":"if","locations":[{"start":{"line":60,"column":4},"end":{"line":60,"column":33}}]},"4":{"loc":{"start":{"line":66,"column":4},"end":{"line":69,"column":5}},"type":"if","locations":[{"start":{"line":66,"column":4},"end":{"line":69,"column":5}}]},"5":{"loc":{"start":{"line":84,"column":2},"end":{"line":95,"column":3}},"type":"switch","locations":[{"start":{"line":85,"column":4},"end":{"line":86,"column":48}},{"start":{"line":87,"column":4},"end":{"line":88,"column":69}},{"start":{"line":89,"column":4},"end":{"line":92,"column":69}},{"start":{"line":93,"column":4},"end":{"line":94,"column":56}}]},"6":{"loc":{"start":{"line":88,"column":50},"end":{"line":88,"column":67}},"type":"cond-expr","locations":[{"start":{"line":88,"column":57},"end":{"line":88,"column":59}},{"start":{"line":88,"column":50},"end":{"line":88,"column":67}}]},"7":{"loc":{"start":{"line":88,"column":50},"end":{"line":88,"column":59}},"type":"binary-expr","locations":[{"start":{"line":88,"column":50},"end":{"line":88,"column":59}},{"start":{"line":88,"column":50},"end":{"line":88,"column":59}}]},"8":{"loc":{"start":{"line":90,"column":6},"end":{"line":91,"column":68}},"type":"if","locations":[{"start":{"line":90,"column":6},"end":{"line":91,"column":68}}]},"9":{"loc":{"start":{"line":90,"column":11},"end":{"line":90,"column":29}},"type":"cond-expr","locations":[{"start":{"line":90,"column":18},"end":{"line":90,"column":20}},{"start":{"line":90,"column":11},"end":{"line":90,"column":29}}]},"10":{"loc":{"start":{"line":90,"column":11},"end":{"line":90,"column":20}},"type":"binary-expr","locations":[{"start":{"line":90,"column":11},"end":{"line":90,"column":20}},{"start":{"line":90,"column":11},"end":{"line":90,"column":20}}]}},"s":{"0":0,"1":0,"2":0,"3":0,"4":0,"5":0,"6":0,"7":0,"8":0,"9":0,"10":0,"11":0,"12":0,"13":0,"14":0,"15":0,"16":0,"17":0,"18":0,"19":0,"20":0,"21":0,"22":0,"23":0,"24":0,"25":0,"26":0,"27":0,"28":0,"29":0,"30":0,"31":0,"32":0,"33":0,"34":0,"35":0,"36":0,"37":0,"38":0,"39":0,"40":0},"f":{"0":0,"1":0,"2":0,"3":0,"4":0,"5":0,"6":0,"7":0,"8":0,"9":0,"10":0,"11":0,"12":0,"13":0,"14":0,"15":0},"b":{"0":[0],"1":[0],"2":[0],"3":[0],"4":[0],"5":[0,0,0,0],"6":[0,0],"7":[0,0],"8":[0],"9":[0,0],"10":[0,0]}}
,"/Users/edmunddao/_SPACE/64blit/libraries/library-better-react-state/src/utils/Logger.ts": {"path":"/Users/edmunddao/_SPACE/64blit/libraries/library-better-react-state/src/utils/Logger.ts","statementMap":{"0":{"start":{"line":1,"column":0},"end":{"line":1,"column":38}},"1":{"start":{"line":8,"column":4},"end":{"line":8,"column":36}},"2":{"start":{"line":12,"column":19},"end":{"line":12,"column":30}},"3":{"start":{"line":13,"column":4},"end":{"line":17,"column":5}},"4":{"start":{"line":14,"column":6},"end":{"line":14,"column":83}},"5":{"start":{"line":16,"column":6},"end":{"line":16,"column":57}},"6":{"start":{"line":21,"column":19},"end":{"line":21,"column":30}},"7":{"start":{"line":22,"column":4},"end":{"line":26,"column":5}},"8":{"start":{"line":23,"column":6},"end":{"line":23,"column":85}},"9":{"start":{"line":25,"column":6},"end":{"line":25,"column":59}},"10":{"start":{"line":30,"column":19},"end":{"line":30,"column":30}},"11":{"start":{"line":31,"column":4},"end":{"line":35,"column":5}},"12":{"start":{"line":32,"column":6},"end":{"line":32,"column":87}},"13":{"start":{"line":34,"column":6},"end":{"line":34,"column":61}},"14":{"start":{"line":39,"column":19},"end":{"line":39,"column":30}},"15":{"start":{"line":40,"column":4},"end":{"line":42,"column":5}},"16":{"start":{"line":41,"column":6},"end":{"line":41,"column":87}},"17":{"start":{"line":6,"column":0},"end":{"line":6,"column":13}}},"fnMap":{"0":{"name":"(anonymous_0)","decl":{"start":{"line":7,"column":10},"end":{"line":7,"column":16}},"loc":{"start":{"line":7,"column":29},"end":{"line":9,"column":3}}},"1":{"name":"(anonymous_1)","decl":{"start":{"line":11,"column":2},"end":{"line":11,"column":8}},"loc":{"start":{"line":11,"column":54},"end":{"line":18,"column":3}}},"2":{"name":"(anonymous_2)","decl":{"start":{"line":20,"column":2},"end":{"line":20,"column":8}},"loc":{"start":{"line":20,"column":55},"end":{"line":27,"column":3}}},"3":{"name":"(anonymous_3)","decl":{"start":{"line":29,"column":2},"end":{"line":29,"column":8}},"loc":{"start":{"line":29,"column":56},"end":{"line":36,"column":3}}},"4":{"name":"(anonymous_4)","decl":{"start":{"line":38,"column":2},"end":{"line":38,"column":8}},"loc":{"start":{"line":38,"column":56},"end":{"line":43,"column":3}}}},"branchMap":{"0":{"loc":{"start":{"line":13,"column":4},"end":{"line":17,"column":5}},"type":"if","locations":[{"start":{"line":13,"column":4},"end":{"line":17,"column":5}},{"start":{"line":15,"column":11},"end":{"line":17,"column":5}}]},"1":{"loc":{"start":{"line":22,"column":4},"end":{"line":26,"column":5}},"type":"if","locations":[{"start":{"line":22,"column":4},"end":{"line":26,"column":5}},{"start":{"line":24,"column":11},"end":{"line":26,"column":5}}]},"2":{"loc":{"start":{"line":31,"column":4},"end":{"line":35,"column":5}},"type":"if","locations":[{"start":{"line":31,"column":4},"end":{"line":35,"column":5}},{"start":{"line":33,"column":11},"end":{"line":35,"column":5}}]},"3":{"loc":{"start":{"line":40,"column":4},"end":{"line":42,"column":5}},"type":"if","locations":[{"start":{"line":40,"column":4},"end":{"line":42,"column":5}}]}},"s":{"0":4,"1":1156,"2":0,"3":0,"4":0,"5":0,"6":0,"7":0,"8":0,"9":0,"10":2,"11":2,"12":2,"13":0,"14":1154,"15":1154,"16":1154,"17":4},"f":{"0":1156,"1":0,"2":0,"3":2,"4":1154},"b":{"0":[0,0],"1":[0,0],"2":[2,0],"3":[1154]}}
,"/Users/edmunddao/_SPACE/64blit/libraries/library-better-react-state/src/utils/PerformanceMonitor.ts": {"path":"/Users/edmunddao/_SPACE/64blit/libraries/library-better-react-state/src/utils/PerformanceMonitor.ts","statementMap":{"0":{"start":{"line":10,"column":4},"end":{"line":10,"column":43}},"1":{"start":{"line":18,"column":4},"end":{"line":18,"column":46}},"2":{"start":{"line":4,"column":0},"end":{"line":4,"column":13}}},"fnMap":{"0":{"name":"(anonymous_0)","decl":{"start":{"line":9,"column":2},"end":{"line":9,"column":8}},"loc":{"start":{"line":9,"column":28},"end":{"line":11,"column":3}}},"1":{"name":"(anonymous_1)","decl":{"start":{"line":17,"column":2},"end":{"line":17,"column":8}},"loc":{"start":{"line":17,"column":26},"end":{"line":19,"column":3}}}},"branchMap":{},"s":{"0":0,"1":0,"2":3},"f":{"0":0,"1":0},"b":{}}
,"/Users/edmunddao/_SPACE/64blit/libraries/library-better-react-state/src/utils/StateInspector.ts": {"path":"/Users/edmunddao/_SPACE/64blit/libraries/library-better-react-state/src/utils/StateInspector.ts","statementMap":{"0":{"start":{"line":10,"column":4},"end":{"line":10,"column":59}},"1":{"start":{"line":4,"column":0},"end":{"line":4,"column":13}}},"fnMap":{"0":{"name":"(anonymous_0)","decl":{"start":{"line":9,"column":2},"end":{"line":9,"column":8}},"loc":{"start":{"line":9,"column":27},"end":{"line":11,"column":3}}}},"branchMap":{},"s":{"0":0,"1":0},"f":{"0":0},"b":{}}
}
