TN:
SF:src/config.ts
FN:22,configureLibrary
FN:42,getConfig
FNF:2
FNH:2
FNDA:4,configureLibrary
FNDA:1184,getConfig
DA:6,4
DA:10,4
DA:22,4
DA:23,4
DA:42,4
DA:43,1184
DA:47,4
LF:7
LH:7
BRDA:28,0,0,0
BRDA:28,0,1,4
BRDA:28,1,0,4
BRDA:28,1,1,0
BRDA:28,2,0,4
BRDA:28,2,1,4
BRDA:30,3,0,4
BRDA:30,3,1,4
BRDA:30,4,0,4
BRDA:30,4,1,0
BRDA:30,5,0,4
BRDA:30,5,1,4
BRF:12
BRH:9
end_of_record
TN:
SF:src/core/createFeatureStore.ts
FN:57,createFeatureStore
FN:117,(anonymous_1)
FN:118,(anonymous_2)
FN:125,(anonymous_3)
FN:131,(anonymous_4)
FN:153,(anonymous_5)
FN:177,(anonymous_6)
FN:196,(anonymous_7)
FN:204,(anonymous_8)
FN:209,(anonymous_9)
FN:256,(anonymous_10)
FN:267,(anonymous_11)
FN:290,(anonymous_12)
FN:295,(anonymous_13)
FN:302,(anonymous_14)
FN:319,(anonymous_15)
FN:323,(anonymous_16)
FN:324,(anonymous_17)
FN:337,initializeControllersDependentOnINIT
FN:384,(anonymous_19)
FN:462,(anonymous_20)
FN:536,(anonymous_21)
FN:547,(anonymous_22)
FN:554,(anonymous_23)
FN:572,(anonymous_24)
FN:625,(anonymous_25)
FN:630,(anonymous_26)
FN:635,(anonymous_27)
FN:645,(anonymous_28)
FN:646,(anonymous_29)
FNF:30
FNH:11
FNDA:2,createFeatureStore
FNDA:0,(anonymous_1)
FNDA:0,(anonymous_2)
FNDA:0,(anonymous_3)
FNDA:2,(anonymous_4)
FNDA:1000,(anonymous_5)
FNDA:0,(anonymous_6)
FNDA:51,(anonymous_7)
FNDA:102,(anonymous_8)
FNDA:2,(anonymous_9)
FNDA:2,(anonymous_10)
FNDA:0,(anonymous_11)
FNDA:0,(anonymous_12)
FNDA:0,(anonymous_13)
FNDA:0,(anonymous_14)
FNDA:2,(anonymous_15)
FNDA:2,(anonymous_16)
FNDA:0,(anonymous_17)
FNDA:0,initializeControllersDependentOnINIT
FNDA:0,(anonymous_19)
FNDA:0,(anonymous_20)
FNDA:51,(anonymous_21)
FNDA:0,(anonymous_22)
FNDA:0,(anonymous_23)
FNDA:2,(anonymous_24)
FNDA:0,(anonymous_25)
FNDA:0,(anonymous_26)
FNDA:0,(anonymous_27)
FNDA:0,(anonymous_28)
FNDA:0,(anonymous_29)
DA:1,2
DA:2,2
DA:3,2
DA:4,2
DA:5,2
DA:6,2
DA:22,2
DA:23,2
DA:57,2
DA:60,2
DA:63,2
DA:68,2
DA:74,2
DA:79,2
DA:82,2
DA:83,2
DA:84,2
DA:102,2
DA:104,2
DA:106,0
DA:109,0
DA:111,0
DA:116,0
DA:117,0
DA:119,0
DA:126,0
DA:131,2
DA:132,2
DA:134,2
DA:135,51
DA:136,51
DA:137,51
DA:138,0
DA:139,0
DA:141,51
DA:142,0
DA:145,51
DA:148,51
DA:150,51
DA:152,51
DA:153,51
DA:158,1000
DA:159,1000
DA:163,1000
DA:170,1000
DA:175,1000
DA:177,51
DA:178,0
DA:181,51
DA:186,51
DA:193,2
DA:197,51
DA:198,51
DA:205,102
DA:210,2
DA:214,2
DA:221,2
DA:222,2
DA:225,2
DA:226,2
DA:232,2
DA:234,0
DA:237,0
DA:238,0
DA:242,0
DA:243,0
DA:245,2
DA:249,2
DA:256,2
DA:257,2
DA:258,0
DA:259,0
DA:260,0
DA:263,0
DA:264,0
DA:268,0
DA:274,2
DA:275,2
DA:276,51
DA:277,51
DA:278,51
DA:282,51
DA:285,51
DA:286,51
DA:290,51
DA:294,0
DA:296,0
DA:301,51
DA:302,51
DA:305,0
DA:319,2
DA:320,2
DA:323,2
DA:324,2
DA:325,0
DA:326,0
DA:327,0
DA:346,0
DA:347,0
DA:348,0
DA:355,0
DA:358,0
DA:360,0
DA:364,0
DA:365,0
DA:366,0
DA:371,0
DA:373,0
DA:374,0
DA:380,0
DA:384,0
DA:387,0
DA:388,0
DA:392,0
DA:393,0
DA:397,0
DA:399,0
DA:400,0
DA:401,0
DA:402,0
DA:403,0
DA:406,0
DA:413,0
DA:414,0
DA:417,0
DA:422,0
DA:424,0
DA:428,0
DA:434,0
DA:435,0
DA:441,0
DA:445,0
DA:452,0
DA:462,2
DA:463,0
DA:464,0
DA:466,0
DA:467,0
DA:468,0
DA:472,0
DA:473,0
DA:474,0
DA:475,0
DA:476,0
DA:483,0
DA:491,0
DA:492,0
DA:494,0
DA:495,0
DA:497,0
DA:498,0
DA:500,0
DA:501,0
DA:503,0
DA:504,0
DA:507,0
DA:508,0
DA:514,0
DA:515,0
DA:521,0
DA:522,0
DA:525,0
DA:526,0
DA:527,0
DA:529,0
DA:531,2
DA:532,2
DA:535,2
DA:536,2
DA:537,51
DA:541,51
DA:542,51
DA:543,51
DA:544,0
DA:545,0
DA:548,0
DA:549,0
DA:550,0
DA:551,0
DA:555,0
DA:559,0
DA:561,0
DA:563,51
DA:572,2
DA:592,2
DA:593,2
DA:594,2
DA:595,2
DA:596,2
DA:597,51
DA:598,0
DA:599,0
DA:602,2
DA:605,2
DA:607,0
DA:610,2
DA:614,2
DA:616,2
DA:617,2
DA:618,51
DA:619,51
DA:620,51
DA:621,51
DA:622,51
DA:623,51
DA:625,51
DA:629,0
DA:630,0
DA:635,51
DA:636,0
DA:639,51
DA:642,0
DA:644,0
DA:645,0
DA:646,0
DA:652,2
DA:653,2
DA:654,2
DA:655,2
DA:658,2
LF:220
LH:106
BRDA:63,0,0,2
BRDA:63,0,1,2
BRDA:63,0,2,2
BRDA:79,1,0,0
BRDA:79,2,0,2
BRDA:79,2,1,0
BRDA:79,3,0,2
BRDA:79,3,1,2
BRDA:83,4,0,2
BRDA:83,4,1,0
BRDA:104,5,0,0
BRDA:104,6,0,2
BRDA:104,6,1,0
BRDA:109,7,0,0
BRDA:109,7,1,0
BRDA:119,8,0,0
BRDA:119,9,0,0
BRDA:119,9,1,0
BRDA:136,10,0,51
BRDA:137,11,0,0
BRDA:141,12,0,0
BRDA:152,13,0,51
BRDA:163,14,0,0
BRDA:163,14,1,1000
BRDA:197,15,0,51
BRDA:225,16,0,2
BRDA:232,17,0,0
BRDA:232,17,1,2
BRDA:234,18,0,0
BRDA:234,18,1,0
BRDA:237,19,0,0
BRDA:257,20,0,0
BRDA:257,21,0,2
BRDA:257,21,1,0
BRDA:257,21,2,0
BRDA:259,22,0,0
BRDA:263,23,0,0
BRDA:278,24,0,51
BRDA:279,25,0,51
BRDA:279,25,1,51
BRDA:285,26,0,51
BRDA:297,27,0,0
BRDA:297,27,1,0
BRDA:325,28,0,0
BRDA:325,29,0,0
BRDA:325,29,1,0
BRDA:326,30,0,0
BRDA:348,31,0,0
BRDA:349,32,0,0
BRDA:349,32,1,0
BRDA:358,33,0,0
BRDA:358,33,1,0
BRDA:360,34,0,0
BRDA:360,34,1,0
BRDA:364,35,0,0
BRDA:364,36,0,0
BRDA:364,36,1,0
BRDA:374,37,0,0
BRDA:399,38,0,0
BRDA:399,38,1,0
BRDA:402,39,0,0
BRDA:413,40,0,0
BRDA:441,41,0,0
BRDA:442,42,0,0
BRDA:442,42,1,0
BRDA:467,43,0,0
BRDA:475,44,0,0
BRDA:475,45,0,0
BRDA:475,45,1,0
BRDA:497,46,0,0
BRDA:500,47,0,0
BRDA:501,48,0,0
BRDA:501,49,0,0
BRDA:501,49,1,0
BRDA:503,50,0,0
BRDA:503,51,0,0
BRDA:503,51,1,0
BRDA:514,52,0,0
BRDA:514,52,1,0
BRDA:526,53,0,0
BRDA:537,54,0,51
BRDA:538,55,0,51
BRDA:538,55,1,51
BRDA:543,56,0,0
BRDA:543,56,1,51
BRDA:550,57,0,0
BRDA:593,58,0,2
BRDA:597,59,0,0
BRDA:602,60,0,2
BRDA:602,60,1,0
BRDA:620,61,0,51
BRDA:620,62,0,51
BRDA:620,62,1,51
BRDA:622,63,0,51
BRDA:622,63,1,0
BRDA:631,64,0,0
BRDA:631,64,1,0
BRDA:654,65,0,2
BRF:98
BRH:30
end_of_record
TN:
SF:src/core/debugMiddleware.ts
FN:38,(anonymous_0)
FN:41,(anonymous_1)
FN:54,(anonymous_2)
FNF:3
FNH:3
FNDA:2,(anonymous_0)
FNDA:2,(anonymous_1)
FNDA:1104,(anonymous_2)
DA:2,2
DA:3,2
DA:16,2
DA:29,2
DA:38,2
DA:41,2
DA:42,2
DA:44,2
DA:45,0
DA:49,2
DA:50,1
DA:52,2
DA:54,2
DA:55,1104
DA:56,1104
DA:58,1104
DA:60,1104
DA:61,1104
DA:62,1104
DA:64,1104
DA:65,1104
DA:66,0
DA:67,1104
DA:68,0
DA:69,1104
DA:71,0
DA:72,1104
DA:73,1104
DA:76,1104
DA:83,1104
DA:84,1054
DA:86,1104
DA:98,2
DA:100,2
LF:34
LH:30
BRDA:40,0,0,0
BRDA:44,1,0,0
BRDA:49,2,0,1
BRDA:65,3,0,0
BRDA:65,3,1,1104
BRDA:67,4,0,0
BRDA:67,4,1,1104
BRDA:67,5,0,1104
BRDA:67,5,1,0
BRDA:67,6,0,0
BRDA:67,6,1,0
BRDA:67,7,0,0
BRDA:67,7,1,0
BRDA:69,8,0,0
BRDA:69,8,1,1104
BRDA:71,9,0,0
BRDA:71,9,1,0
BRDA:72,10,0,1104
BRDA:72,11,0,1104
BRDA:72,11,1,1104
BRDA:78,12,0,0
BRDA:78,12,1,1104
BRDA:83,13,0,1054
BRDA:91,14,0,0
BRDA:91,14,1,1104
BRF:25
BRH:11
end_of_record
TN:
SF:src/core/types.ts
FN:296,(anonymous_0)
FN:438,pendingResult
FN:446,successResult
FN:453,errorResult
FNF:4
FNH:0
FNDA:0,(anonymous_0)
FNDA:0,pendingResult
FNDA:0,successResult
FNDA:0,errorResult
DA:295,2
DA:298,0
DA:299,0
DA:301,0
DA:302,0
DA:304,0
DA:438,2
DA:442,0
DA:446,2
DA:449,0
DA:453,2
DA:456,0
LF:12
LH:4
BRF:0
BRH:0
end_of_record
TN:
SF:src/devtools/stateUtils.ts
FN:13,createStateSnapshot
FN:78,diffStates
FNF:2
FNH:0
FNDA:0,createStateSnapshot
FNDA:0,diffStates
DA:3,2
DA:13,2
DA:16,0
DA:24,0
DA:25,0
DA:27,0
DA:30,0
DA:31,0
DA:44,0
DA:78,2
DA:82,0
DA:83,0
DA:85,0
DA:87,0
DA:88,0
LF:15
LH:3
BRF:0
BRH:0
end_of_record
TN:
SF:src/devtools/timeTravel.ts
FN:12,getStoreHistory
FN:31,jumpToHistoryState
FNF:2
FNH:0
FNDA:0,getStoreHistory
FNDA:0,jumpToHistoryState
DA:2,2
DA:3,2
DA:12,2
DA:13,0
DA:14,0
DA:17,0
DA:31,2
DA:37,0
DA:38,0
DA:39,0
DA:42,0
DA:43,0
DA:44,0
DA:45,0
DA:48,0
DA:49,0
DA:51,0
DA:52,0
DA:53,0
DA:54,0
DA:56,0
LF:21
LH:4
BRDA:13,0,0,0
BRDA:13,1,0,0
BRDA:13,1,1,0
BRDA:35,2,0,0
BRDA:37,3,0,0
BRDA:43,4,0,0
BRDA:43,5,0,0
BRDA:43,5,1,0
BRDA:43,5,2,0
BRDA:44,6,0,0
BRDA:44,6,1,0
BRDA:44,7,0,0
BRDA:44,7,1,0
BRDA:44,8,0,0
BRDA:44,8,1,0
BRDA:49,9,0,0
BRDA:49,9,1,0
BRDA:51,10,0,0
BRF:18
BRH:0
end_of_record
TN:
SF:src/domain/DomainEntity.ts
FN:14,(anonymous_0)
FN:30,(anonymous_1)
FN:41,(anonymous_2)
FN:45,(anonymous_3)
FNF:4
FNH:0
FNDA:0,(anonymous_0)
FNDA:0,(anonymous_1)
FNDA:0,(anonymous_2)
FNDA:0,(anonymous_3)
DA:1,0
DA:6,0
DA:15,0
DA:16,0
DA:17,0
DA:19,0
DA:26,0
DA:31,0
DA:32,0
DA:36,0
DA:37,0
DA:38,0
DA:42,0
DA:46,0
LF:14
LH:0
BRDA:16,0,0,0
BRF:1
BRH:0
end_of_record
TN:
SF:src/domain/DomainError.ts
FN:21,(anonymous_0)
FN:38,(anonymous_1)
FN:46,(anonymous_2)
FN:66,(anonymous_3)
FN:80,(anonymous_4)
FN:88,(anonymous_5)
FN:99,(anonymous_6)
FN:113,(anonymous_7)
FN:131,(anonymous_8)
FN:139,(anonymous_9)
FN:157,(anonymous_10)
FN:172,(anonymous_11)
FN:180,(anonymous_12)
FN:198,(anonymous_13)
FN:217,(anonymous_14)
FN:225,(anonymous_15)
FN:245,(anonymous_16)
FN:259,(anonymous_17)
FN:267,(anonymous_18)
FNF:19
FNH:8
FNDA:8,(anonymous_0)
FNDA:1,(anonymous_1)
FNDA:1,(anonymous_2)
FNDA:1,(anonymous_3)
FNDA:0,(anonymous_4)
FNDA:0,(anonymous_5)
FNDA:1,(anonymous_6)
FNDA:1,(anonymous_7)
FNDA:0,(anonymous_8)
FNDA:0,(anonymous_9)
FNDA:1,(anonymous_10)
FNDA:0,(anonymous_11)
FNDA:0,(anonymous_12)
FNDA:1,(anonymous_13)
FNDA:0,(anonymous_14)
FNDA:0,(anonymous_15)
FNDA:0,(anonymous_16)
FNDA:0,(anonymous_17)
FNDA:0,(anonymous_18)
DA:4,4
DA:22,8
DA:23,8
DA:24,8
DA:25,8
DA:28,8
DA:39,1
DA:47,1
DA:60,4
DA:67,1
DA:68,1
DA:71,1
DA:81,0
DA:89,0
DA:90,0
DA:92,0
DA:100,1
DA:107,4
DA:114,1
DA:118,1
DA:119,1
DA:122,1
DA:132,0
DA:140,0
DA:141,0
DA:143,0
DA:150,4
DA:158,1
DA:159,1
DA:162,1
DA:173,0
DA:181,0
DA:182,0
DA:184,0
DA:191,4
DA:199,1
DA:204,1
DA:207,1
DA:218,0
DA:226,0
DA:227,0
DA:228,0
DA:229,0
DA:232,0
DA:239,4
DA:246,0
DA:247,0
DA:250,0
DA:260,0
DA:268,0
DA:269,0
DA:271,0
LF:52
LH:27
BRDA:89,0,0,0
BRDA:100,1,0,1
BRDA:100,1,1,0
BRDA:114,2,0,1
BRDA:114,2,1,0
BRDA:140,3,0,0
BRDA:140,4,0,0
BRDA:140,4,1,0
BRDA:140,4,2,0
BRDA:181,5,0,0
BRDA:181,6,0,0
BRDA:181,6,1,0
BRDA:181,6,2,0
BRDA:226,7,0,0
BRDA:226,8,0,0
BRDA:226,8,1,0
BRDA:228,9,0,0
BRDA:228,10,0,0
BRDA:228,10,1,0
BRDA:268,11,0,0
BRF:20
BRH:2
end_of_record
TN:
SF:src/domain/DomainEvent.ts
FN:80,createDomainEvent
FN:112,(anonymous_1)
FN:122,(anonymous_2)
FN:136,(anonymous_3)
FN:157,(anonymous_4)
FN:172,(anonymous_5)
FN:190,(anonymous_6)
FN:195,(anonymous_7)
FN:198,(anonymous_8)
FN:199,(anonymous_9)
FN:208,(anonymous_10)
FN:246,(anonymous_11)
FN:251,(anonymous_12)
FN:271,(anonymous_13)
FN:298,(anonymous_14)
FN:309,(anonymous_15)
FN:317,(anonymous_16)
FN:335,publishEvent
FN:350,publishesEvent
FN:354,(anonymous_19)
FN:365,(anonymous_20)
FNF:21
FNH:13
FNDA:19,createDomainEvent
FNDA:16,(anonymous_1)
FNDA:3,(anonymous_2)
FNDA:14,(anonymous_3)
FNDA:9,(anonymous_4)
FNDA:1,(anonymous_5)
FNDA:1,(anonymous_6)
FNDA:2,(anonymous_7)
FNDA:0,(anonymous_8)
FNDA:0,(anonymous_9)
FNDA:16,(anonymous_10)
FNDA:0,(anonymous_11)
FNDA:0,(anonymous_12)
FNDA:0,(anonymous_13)
FNDA:2,(anonymous_14)
FNDA:13,(anonymous_15)
FNDA:13,(anonymous_16)
FNDA:2,publishEvent
FNDA:0,publishesEvent
FNDA:0,(anonymous_19)
FNDA:0,(anonymous_20)
DA:1,3
DA:2,3
DA:3,3
DA:4,3
DA:80,3
DA:85,19
DA:87,19
DA:88,1
DA:89,1
DA:92,19
DA:103,3
DA:105,3
DA:106,3
DA:113,16
DA:114,3
DA:116,16
DA:124,3
DA:125,3
DA:137,14
DA:139,14
DA:143,14
DA:148,14
DA:162,9
DA:163,8
DA:167,9
DA:168,9
DA:169,9
DA:172,9
DA:173,1
DA:174,1
DA:175,1
DA:177,1
DA:178,1
DA:194,1
DA:195,2
DA:198,1
DA:199,0
DA:210,16
DA:211,3
DA:215,16
DA:216,16
DA:219,16
DA:220,1
DA:224,16
DA:225,16
DA:226,8
DA:227,3
DA:229,8
DA:232,8
DA:234,8
DA:235,9
DA:237,9
DA:238,0
DA:239,0
DA:241,0
DA:242,0
DA:244,0
DA:245,0
DA:247,0
DA:252,0
DA:256,0
DA:259,0
DA:260,0
DA:267,9
DA:269,9
DA:270,1
DA:272,0
DA:281,0
DA:288,8
DA:289,1
DA:299,2
DA:300,2
DA:303,0
DA:310,13
DA:311,13
DA:318,13
DA:319,13
DA:326,3
DA:335,3
DA:340,2
DA:341,2
DA:350,3
DA:354,0
DA:359,0
DA:361,0
DA:362,0
DA:365,0
DA:366,0
DA:369,0
DA:370,0
DA:373,0
DA:377,0
DA:384,0
DA:388,0
DA:392,0
DA:399,0
DA:402,0
LF:97
LH:67
BRDA:83,0,0,15
BRDA:85,1,0,18
BRDA:85,2,0,18
BRDA:87,3,0,1
BRDA:113,4,0,3
BRDA:139,5,0,13
BRDA:139,5,1,1
BRDA:162,6,0,8
BRDA:168,7,0,9
BRDA:174,8,0,1
BRDA:177,9,0,1
BRDA:210,10,0,3
BRDA:215,11,0,16
BRDA:215,12,0,16
BRDA:215,12,1,16
BRDA:219,13,0,1
BRDA:219,14,0,16
BRDA:219,14,1,0
BRDA:225,15,0,8
BRDA:225,16,0,16
BRDA:225,16,1,8
BRDA:226,17,0,3
BRDA:237,18,0,0
BRDA:237,18,1,9
BRDA:244,19,0,0
BRDA:244,19,1,0
BRDA:269,20,0,1
BRDA:288,21,0,1
BRDA:299,22,0,2
BRDA:338,23,0,2
BRDA:361,24,0,0
BRDA:369,25,0,0
BRDA:373,26,0,0
BRDA:373,26,1,0
BRDA:388,27,0,0
BRDA:388,27,1,0
BRF:36
BRH:26
end_of_record
TN:
SF:src/domain/DomainFactory.ts
FN:12,(anonymous_0)
FNF:1
FNH:0
FNDA:0,(anonymous_0)
DA:1,0
DA:6,0
DA:13,0
LF:3
LH:0
BRF:0
BRH:0
end_of_record
TN:
SF:src/domain/ErrorHandling.ts
FN:43,wrapError
FN:62,getRootCause
FN:77,handleError
FN:93,(anonymous_12)
FN:139,withErrorHandling
FN:143,(anonymous_14)
FN:170,withRetry
FN:190,(anonymous_16)
FN:202,(anonymous_17)
FN:208,(anonymous_18)
FN:237,(anonymous_19)
FN:258,success
FN:267,failure
FN:276,tryExecute
FN:289,tryExecuteAsync
FN:302,tryAwait
FNF:16
FNH:15
FNDA:1,wrapError
FNDA:3,getRootCause
FNDA:2,handleError
FNDA:3,(anonymous_12)
FNDA:2,withErrorHandling
FNDA:2,(anonymous_14)
FNDA:2,withRetry
FNDA:2,(anonymous_16)
FNDA:1,(anonymous_17)
FNDA:0,(anonymous_18)
FNDA:4,(anonymous_19)
FNDA:3,success
FNDA:3,failure
FNDA:2,tryExecute
FNDA:2,tryExecuteAsync
FNDA:2,tryAwait
DA:1,4
DA:2,4
DA:3,4
DA:43,4
DA:49,1
DA:54,1
DA:62,4
DA:64,3
DA:65,3
DA:66,2
DA:68,1
DA:77,4
DA:78,2
DA:82,2
DA:83,2
DA:84,0
DA:85,0
DA:86,0
DA:87,0
DA:89,0
DA:93,2
DA:94,3
DA:98,2
DA:99,1
DA:100,0
DA:102,1
DA:103,1
DA:108,2
DA:111,2
DA:112,2
DA:113,2
DA:117,2
DA:118,1
DA:119,1
DA:121,0
DA:126,2
DA:127,1
DA:130,1
DA:139,4
DA:143,2
DA:144,2
DA:145,2
DA:147,1
DA:159,0
DA:170,4
DA:188,2
DA:190,2
DA:193,2
DA:194,6
DA:195,6
DA:197,5
DA:198,5
DA:201,5
DA:202,2
DA:203,1
DA:207,4
DA:208,0
DA:209,0
DA:210,0
DA:213,0
DA:216,0
DA:217,0
DA:222,4
DA:223,0
DA:224,0
DA:226,0
DA:231,4
DA:237,4
DA:242,0
DA:258,4
DA:259,3
DA:267,4
DA:268,3
DA:276,4
DA:277,2
DA:278,2
DA:280,1
DA:289,4
DA:290,2
DA:291,2
DA:293,1
DA:302,4
DA:303,2
DA:304,2
DA:305,1
DA:307,1
LF:86
LH:68
BRDA:50,0,0,1
BRDA:50,0,1,0
BRDA:51,1,0,1
BRDA:51,1,1,0
BRDA:64,2,0,3
BRDA:64,2,1,1
BRDA:64,3,0,1
BRDA:64,3,1,0
BRDA:64,4,0,1
BRDA:64,4,1,1
BRDA:65,5,0,2
BRDA:65,6,0,3
BRDA:65,6,1,2
BRDA:77,7,0,0
BRDA:78,8,0,0
BRDA:78,9,0,0
BRDA:82,10,0,2
BRDA:82,10,1,0
BRDA:84,11,0,0
BRDA:84,11,1,0
BRDA:84,12,0,0
BRDA:84,12,1,0
BRDA:86,13,0,0
BRDA:86,13,1,0
BRDA:98,14,0,1
BRDA:99,15,0,0
BRDA:99,15,1,1
BRDA:99,16,0,1
BRDA:99,16,1,0
BRDA:103,17,0,1
BRDA:103,17,1,0
BRDA:112,18,0,2
BRDA:112,19,0,2
BRDA:112,19,1,2
BRDA:117,20,0,1
BRDA:126,21,0,1
BRDA:141,22,0,2
BRDA:151,23,0,1
BRDA:151,23,1,1
BRDA:183,24,0,0
BRDA:184,25,0,2
BRDA:185,26,0,2
BRDA:197,27,0,5
BRDA:197,27,1,0
BRDA:201,28,0,1
BRDA:207,29,0,0
BRDA:209,30,0,0
BRDA:210,31,0,0
BRDA:210,31,1,0
BRDA:216,32,0,0
BRDA:222,33,0,0
BRDA:280,34,0,1
BRDA:280,34,1,0
BRDA:293,35,0,1
BRDA:293,35,1,0
BRDA:307,36,0,1
BRDA:307,36,1,0
BRF:57
BRH:30
end_of_record
TN:
SF:src/domain/ErrorMiddleware.ts
FN:16,(anonymous_0)
FN:25,(anonymous_1)
FN:31,(anonymous_2)
FN:41,handleErrors
FN:42,(anonymous_4)
FN:53,(anonymous_5)
FN:59,(anonymous_6)
FN:97,retry
FN:104,(anonymous_8)
FN:115,(anonymous_9)
FN:123,(anonymous_10)
FN:126,(anonymous_11)
FN:147,errorHandlingClass
FN:148,(anonymous_13)
FN:151,(anonymous_14)
FN:157,(anonymous_15)
FN:166,(anonymous_16)
FN:172,(anonymous_17)
FN:214,required
FN:215,(anonymous_19)
FN:262,(anonymous_20)
FN:269,(anonymous_21)
FN:282,(anonymous_22)
FN:323,getParameterName
FNF:24
FNH:0
FNDA:0,(anonymous_0)
FNDA:0,(anonymous_1)
FNDA:0,(anonymous_2)
FNDA:0,handleErrors
FNDA:0,(anonymous_4)
FNDA:0,(anonymous_5)
FNDA:0,(anonymous_6)
FNDA:0,retry
FNDA:0,(anonymous_8)
FNDA:0,(anonymous_9)
FNDA:0,(anonymous_10)
FNDA:0,(anonymous_11)
FNDA:0,errorHandlingClass
FNDA:0,(anonymous_13)
FNDA:0,(anonymous_14)
FNDA:0,(anonymous_15)
FNDA:0,(anonymous_16)
FNDA:0,(anonymous_17)
FNDA:0,required
FNDA:0,(anonymous_19)
FNDA:0,(anonymous_20)
FNDA:0,(anonymous_21)
FNDA:0,(anonymous_22)
FNDA:0,getParameterName
DA:1,1
DA:2,1
DA:3,1
DA:15,1
DA:17,0
DA:18,0
DA:20,0
DA:21,0
DA:23,0
DA:26,0
DA:27,0
DA:29,0
DA:32,0
DA:41,1
DA:42,0
DA:47,0
DA:49,0
DA:50,0
DA:53,0
DA:54,0
DA:55,0
DA:58,0
DA:59,0
DA:60,0
DA:73,0
DA:75,0
DA:88,0
DA:97,1
DA:104,0
DA:109,0
DA:111,0
DA:112,0
DA:115,0
DA:116,0
DA:118,0
DA:119,0
DA:122,0
DA:123,0
DA:127,0
DA:135,0
DA:138,0
DA:147,1
DA:148,0
DA:150,0
DA:152,0
DA:157,0
DA:158,0
DA:163,0
DA:164,0
DA:166,0
DA:167,0
DA:168,0
DA:171,0
DA:172,0
DA:173,0
DA:186,0
DA:188,0
DA:201,0
DA:205,0
DA:214,1
DA:215,0
DA:220,0
DA:221,0
DA:224,0
DA:231,0
DA:234,0
DA:235,0
DA:241,0
DA:250,0
DA:258,0
DA:260,0
DA:262,0
DA:267,0
DA:269,0
DA:270,0
DA:276,0
DA:282,0
DA:283,0
DA:284,0
DA:286,0
DA:288,0
DA:296,0
DA:299,0
DA:303,0
DA:311,0
DA:312,0
DA:313,0
DA:314,0
DA:328,0
DA:329,0
DA:334,0
DA:335,0
DA:340,0
LF:93
LH:8
BRDA:17,0,0,0
BRDA:20,1,0,0
BRDA:26,2,0,0
BRDA:26,3,0,0
BRDA:26,3,1,0
BRDA:41,4,0,0
BRDA:49,5,0,0
BRDA:58,6,0,0
BRDA:64,7,0,0
BRDA:64,7,1,0
BRDA:79,8,0,0
BRDA:79,8,1,0
BRDA:111,9,0,0
BRDA:118,10,0,0
BRDA:147,11,0,0
BRDA:152,12,0,0
BRDA:152,12,1,0
BRDA:163,13,0,0
BRDA:163,14,0,0
BRDA:163,14,1,0
BRDA:171,15,0,0
BRDA:177,16,0,0
BRDA:177,16,1,0
BRDA:192,17,0,0
BRDA:192,17,1,0
BRDA:224,18,0,0
BRDA:224,18,1,0
BRDA:234,19,0,0
BRDA:235,20,0,0
BRDA:235,20,1,0
BRDA:260,21,0,0
BRDA:270,22,0,0
BRDA:270,22,1,0
BRDA:276,23,0,0
BRDA:276,23,1,0
BRDA:283,24,0,0
BRDA:283,25,0,0
BRDA:283,25,1,0
BRDA:286,26,0,0
BRDA:286,26,1,0
BRDA:290,27,0,0
BRDA:290,27,1,0
BRDA:311,28,0,0
BRDA:334,29,0,0
BRDA:334,30,0,0
BRDA:334,30,1,0
BRF:46
BRH:0
end_of_record
TN:
SF:src/domain/ErrorSystem.ts
FN:53,(anonymous_0)
FN:63,(anonymous_1)
FN:229,(anonymous_2)
FN:244,(anonymous_3)
FN:258,(anonymous_4)
FN:267,(anonymous_5)
FN:79,(anonymous_6)
FN:115,(anonymous_7)
FN:144,(anonymous_8)
FN:147,(anonymous_9)
FN:161,(anonymous_10)
FN:193,(anonymous_11)
FN:200,(anonymous_12)
FN:214,(anonymous_13)
FN:289,reportError
FN:299,withGlobalErrorHandling
FN:303,(anonymous_16)
FNF:17
FNH:2
FNDA:3,(anonymous_0)
FNDA:3,(anonymous_1)
FNDA:0,(anonymous_2)
FNDA:0,(anonymous_3)
FNDA:0,(anonymous_4)
FNDA:0,(anonymous_5)
FNDA:0,(anonymous_6)
FNDA:0,(anonymous_7)
FNDA:0,(anonymous_8)
FNDA:0,(anonymous_9)
FNDA:0,(anonymous_10)
FNDA:0,(anonymous_11)
FNDA:0,(anonymous_12)
FNDA:0,(anonymous_13)
FNDA:0,reportError
FNDA:0,withGlobalErrorHandling
FNDA:0,(anonymous_16)
DA:1,3
DA:2,3
DA:3,3
DA:4,3
DA:44,3
DA:46,3
DA:47,3
DA:54,3
DA:55,3
DA:57,3
DA:65,3
DA:66,3
DA:80,0
DA:81,0
DA:82,0
DA:85,0
DA:86,0
DA:99,0
DA:100,0
DA:104,0
DA:105,0
DA:108,0
DA:109,0
DA:117,0
DA:118,0
DA:119,0
DA:120,0
DA:121,0
DA:122,0
DA:125,0
DA:126,0
DA:127,0
DA:134,0
DA:136,0
DA:145,0
DA:147,0
DA:148,0
DA:149,0
DA:150,0
DA:162,0
DA:168,0
DA:169,0
DA:170,0
DA:174,0
DA:175,0
DA:177,0
DA:185,0
DA:187,0
DA:194,0
DA:201,0
DA:202,0
DA:203,0
DA:206,0
DA:215,0
DA:217,0
DA:218,0
DA:219,0
DA:221,0
DA:222,0
DA:229,3
DA:230,0
DA:231,0
DA:244,3
DA:245,0
DA:246,0
DA:250,0
DA:258,3
DA:259,0
DA:267,3
DA:268,0
DA:272,0
DA:281,3
DA:289,3
DA:290,0
DA:299,3
DA:303,0
DA:304,0
DA:305,0
DA:307,0
DA:315,0
LF:80
LH:19
BRDA:54,0,0,3
BRDA:230,1,0,0
BRDA:230,1,1,0
BRDA:246,2,0,0
BRDA:246,2,1,0
BRDA:268,3,0,0
BRDA:268,3,1,0
BRDA:79,4,0,0
BRDA:80,5,0,0
BRDA:90,6,0,0
BRDA:90,6,1,0
BRDA:93,7,0,0
BRDA:93,7,1,0
BRDA:99,8,0,0
BRDA:104,9,0,0
BRDA:117,10,0,0
BRDA:117,10,1,0
BRDA:120,11,0,0
BRDA:149,12,0,0
BRDA:161,13,0,0
BRDA:169,14,0,0
BRDA:169,14,1,0
BRDA:170,15,0,0
BRDA:170,15,1,0
BRDA:171,16,0,0
BRDA:171,16,1,0
BRDA:174,17,0,0
BRDA:174,17,1,0
BRDA:215,18,0,0
BRDA:215,18,1,0
BRDA:219,19,0,0
BRDA:289,20,0,0
BRDA:301,21,0,0
BRDA:310,22,0,0
BRDA:310,22,1,0
BRF:35
BRH:1
end_of_record
TN:
SF:src/domain/index.ts
FNF:0
FNH:0
DA:6,1
DA:9,1
DA:12,1
DA:15,1
LF:4
LH:4
BRF:0
BRH:0
end_of_record
TN:
SF:src/persistence/IndexedDBAdapter.ts
FN:7,(anonymous_0)
FN:16,(anonymous_1)
FN:17,(anonymous_2)
FN:25,(anonymous_3)
FN:29,(anonymous_4)
FN:33,(anonymous_5)
FN:47,(anonymous_6)
FN:51,(anonymous_7)
FN:54,(anonymous_8)
FN:65,(anonymous_9)
FN:69,(anonymous_10)
FN:74,(anonymous_11)
FN:88,(anonymous_12)
FN:92,(anonymous_13)
FN:97,(anonymous_14)
FN:105,(anonymous_15)
FN:110,(anonymous_16)
FN:124,(anonymous_17)
FN:128,(anonymous_18)
FN:133,(anonymous_19)
FN:137,(anonymous_20)
FN:142,(anonymous_21)
FNF:22
FNH:0
FNDA:0,(anonymous_0)
FNDA:0,(anonymous_1)
FNDA:0,(anonymous_2)
FNDA:0,(anonymous_3)
FNDA:0,(anonymous_4)
FNDA:0,(anonymous_5)
FNDA:0,(anonymous_6)
FNDA:0,(anonymous_7)
FNDA:0,(anonymous_8)
FNDA:0,(anonymous_9)
FNDA:0,(anonymous_10)
FNDA:0,(anonymous_11)
FNDA:0,(anonymous_12)
FNDA:0,(anonymous_13)
FNDA:0,(anonymous_14)
FNDA:0,(anonymous_15)
FNDA:0,(anonymous_16)
FNDA:0,(anonymous_17)
FNDA:0,(anonymous_18)
FNDA:0,(anonymous_19)
FNDA:0,(anonymous_20)
FNDA:0,(anonymous_21)
DA:1,2
DA:7,2
DA:8,0
DA:9,0
DA:10,0
DA:17,0
DA:18,0
DA:19,0
DA:20,0
DA:23,0
DA:25,0
DA:26,0
DA:29,0
DA:30,0
DA:33,0
DA:34,0
DA:35,0
DA:36,0
DA:48,0
DA:49,0
DA:51,0
DA:52,0
DA:54,0
DA:55,0
DA:58,0
DA:59,0
DA:65,0
DA:66,0
DA:69,0
DA:70,0
DA:74,0
DA:75,0
DA:79,0
DA:80,0
DA:89,0
DA:90,0
DA:92,0
DA:93,0
DA:94,0
DA:95,0
DA:97,0
DA:98,0
DA:99,0
DA:101,0
DA:105,0
DA:106,0
DA:110,0
DA:111,0
DA:115,0
DA:116,0
DA:125,0
DA:126,0
DA:128,0
DA:129,0
DA:130,0
DA:131,0
DA:133,0
DA:134,0
DA:137,0
DA:138,0
DA:142,0
DA:143,0
DA:147,0
DA:148,0
LF:64
LH:2
BRDA:18,0,0,0
BRDA:18,1,0,0
BRDA:18,1,1,0
BRDA:35,2,0,0
BRDA:98,3,0,0
BRDA:98,3,1,0
BRF:6
BRH:0
end_of_record
TN:
SF:src/persistence/LocalStorageAdapter.ts
FN:10,(anonymous_0)
FN:31,(anonymous_1)
FN:51,(anonymous_2)
FN:74,(anonymous_3)
FNF:4
FNH:4
FNDA:6,(anonymous_0)
FNDA:4,(anonymous_1)
FNDA:3,(anonymous_2)
FNDA:2,(anonymous_3)
DA:1,3
DA:6,3
DA:11,6
DA:12,0
DA:15,6
DA:17,6
DA:18,6
DA:19,6
DA:20,6
DA:22,0
DA:32,4
DA:33,4
DA:34,1
DA:35,1
DA:38,3
DA:39,3
DA:40,3
DA:42,0
DA:43,0
DA:52,3
DA:53,3
DA:54,1
DA:55,1
DA:58,2
DA:59,2
DA:60,1
DA:63,1
DA:65,0
DA:66,0
DA:75,2
DA:76,2
DA:77,1
DA:78,1
DA:81,1
DA:82,1
DA:84,0
DA:85,0
LF:37
LH:29
BRDA:11,0,0,0
BRDA:11,1,0,6
BRDA:11,1,1,6
BRDA:33,2,0,1
BRDA:53,3,0,1
BRDA:59,4,0,1
BRDA:76,5,0,1
BRF:7
BRH:6
end_of_record
TN:
SF:src/persistence/MemoryCacheAdapter.ts
FN:23,(anonymous_0)
FN:37,(anonymous_1)
FN:54,(anonymous_2)
FN:79,(anonymous_3)
FN:92,(anonymous_4)
FN:115,(anonymous_5)
FNF:6
FNH:6
FNDA:9,(anonymous_0)
FNDA:7,(anonymous_1)
FNDA:9,(anonymous_2)
FNDA:1,(anonymous_3)
FNDA:4,(anonymous_4)
FNDA:8,(anonymous_5)
DA:1,3
DA:7,3
DA:9,3
DA:28,9
DA:29,9
DA:38,7
DA:39,7
DA:43,7
DA:45,0
DA:46,0
DA:55,9
DA:56,9
DA:58,9
DA:59,5
DA:63,4
DA:64,0
DA:65,0
DA:68,4
DA:70,0
DA:71,0
DA:80,1
DA:81,1
DA:82,1
DA:84,0
DA:85,0
DA:93,4
DA:94,4
DA:96,4
DA:97,1
DA:101,3
DA:102,1
DA:103,1
DA:106,2
DA:108,0
DA:116,8
LF:35
LH:26
BRDA:25,0,0,0
BRDA:26,1,0,8
BRDA:58,2,0,5
BRDA:63,3,0,0
BRDA:63,4,0,4
BRDA:63,4,1,1
BRDA:96,5,0,1
BRDA:101,6,0,1
BRDA:101,7,0,3
BRDA:101,7,1,2
BRF:10
BRH:8
end_of_record
TN:
SF:src/persistence/PersistenceLayer.ts
FN:28,(anonymous_9)
FN:57,(anonymous_10)
FN:70,(anonymous_11)
FN:73,(anonymous_12)
FN:77,(anonymous_13)
FN:81,(anonymous_14)
FN:90,(anonymous_15)
FN:98,(anonymous_16)
FN:100,(anonymous_17)
FN:101,(anonymous_18)
FN:102,(anonymous_19)
FN:109,(anonymous_20)
FN:116,(anonymous_21)
FN:126,(anonymous_22)
FN:139,(anonymous_23)
FN:151,(anonymous_24)
FN:152,(anonymous_25)
FN:165,(anonymous_26)
FN:189,(anonymous_27)
FN:221,(anonymous_28)
FN:248,(anonymous_29)
FN:251,(anonymous_30)
FN:253,(anonymous_31)
FN:259,(anonymous_32)
FNF:24
FNH:0
FNDA:0,(anonymous_9)
FNDA:0,(anonymous_10)
FNDA:0,(anonymous_11)
FNDA:0,(anonymous_12)
FNDA:0,(anonymous_13)
FNDA:0,(anonymous_14)
FNDA:0,(anonymous_15)
FNDA:0,(anonymous_16)
FNDA:0,(anonymous_17)
FNDA:0,(anonymous_18)
FNDA:0,(anonymous_19)
FNDA:0,(anonymous_20)
FNDA:0,(anonymous_21)
FNDA:0,(anonymous_22)
FNDA:0,(anonymous_23)
FNDA:0,(anonymous_24)
FNDA:0,(anonymous_25)
FNDA:0,(anonymous_26)
FNDA:0,(anonymous_27)
FNDA:0,(anonymous_28)
FNDA:0,(anonymous_29)
FNDA:0,(anonymous_30)
FNDA:0,(anonymous_31)
FNDA:0,(anonymous_32)
DA:1,2
DA:7,2
DA:16,2
DA:20,0
DA:21,0
DA:29,0
DA:32,0
DA:38,0
DA:48,0
DA:49,0
DA:58,0
DA:61,0
DA:62,0
DA:63,0
DA:71,0
DA:73,0
DA:74,0
DA:77,0
DA:78,0
DA:81,0
DA:82,0
DA:85,0
DA:87,0
DA:90,0
DA:91,0
DA:99,0
DA:100,0
DA:101,0
DA:102,0
DA:111,0
DA:114,0
DA:115,0
DA:117,0
DA:123,0
DA:124,0
DA:126,0
DA:131,0
DA:140,0
DA:141,0
DA:144,0
DA:145,0
DA:146,0
DA:150,0
DA:151,0
DA:152,0
DA:153,0
DA:154,0
DA:159,0
DA:166,0
DA:167,0
DA:170,0
DA:171,0
DA:175,0
DA:177,0
DA:178,0
DA:180,0
DA:181,0
DA:190,0
DA:191,0
DA:193,0
DA:195,0
DA:196,0
DA:197,0
DA:198,0
DA:203,0
DA:206,0
DA:207,0
DA:210,0
DA:212,0
DA:213,0
DA:222,0
DA:223,0
DA:225,0
DA:226,0
DA:229,0
DA:230,0
DA:234,0
DA:236,0
DA:238,0
DA:239,0
DA:251,0
DA:253,0
DA:254,0
DA:260,0
DA:263,0
LF:85
LH:3
BRDA:30,0,0,0
BRDA:38,1,0,0
BRDA:38,1,1,0
BRDA:38,2,0,0
BRDA:38,2,1,0
BRDA:48,3,0,0
BRDA:58,4,0,0
BRDA:58,4,1,0
BRDA:58,5,0,0
BRDA:58,5,1,0
BRDA:62,6,0,0
BRDA:71,7,0,0
BRDA:71,7,1,0
BRDA:71,7,2,0
BRDA:71,7,3,0
BRDA:71,7,4,0
BRDA:114,8,0,0
BRDA:114,9,0,0
BRDA:114,9,1,0
BRDA:123,10,0,0
BRDA:123,11,0,0
BRDA:123,11,1,0
BRDA:140,12,0,0
BRDA:144,13,0,0
BRDA:150,14,0,0
BRDA:150,15,0,0
BRDA:150,15,1,0
BRDA:170,16,0,0
BRDA:190,17,0,0
BRDA:195,18,0,0
BRDA:197,19,0,0
BRDA:206,20,0,0
BRDA:206,21,0,0
BRDA:206,21,1,0
BRDA:222,22,0,0
BRDA:229,23,0,0
BRDA:230,24,0,0
BRDA:230,24,1,0
BRDA:234,25,0,0
BRDA:234,25,1,0
BRDA:251,26,0,0
BRDA:251,27,0,0
BRDA:251,27,1,0
BRDA:260,28,0,0
BRDA:260,29,0,0
BRDA:260,29,1,0
BRF:46
BRH:0
end_of_record
TN:
SF:src/persistence/PersistenceOptions.ts
FNF:0
FNH:0
DA:80,2
LF:1
LH:1
BRF:0
BRH:0
end_of_record
TN:
SF:src/persistence/StorageAdapter.ts
FN:36,(anonymous_0)
FN:62,(anonymous_1)
FN:74,(anonymous_2)
FNF:3
FNH:3
FNDA:14,(anonymous_0)
FNDA:3,(anonymous_1)
FNDA:1,(anonymous_2)
DA:28,3
DA:37,14
DA:38,14
DA:40,14
DA:63,3
DA:64,3
DA:66,0
DA:67,0
DA:75,1
DA:76,1
DA:78,0
DA:79,0
LF:12
LH:8
BRDA:38,0,0,0
BRF:1
BRH:0
end_of_record
TN:
SF:src/react/hooks.ts
FN:26,useFeatureSlice
FN:34,(anonymous_1)
FNF:2
FNH:0
FNDA:0,useFeatureSlice
FNDA:0,(anonymous_1)
DA:1,2
DA:26,2
DA:33,0
DA:34,0
LF:4
LH:2
BRF:0
BRH:0
end_of_record
TN:
SF:src/sync/HttpSyncController.ts
FN:7,(anonymous_0)
FN:17,(anonymous_1)
FN:36,(anonymous_2)
FN:43,(anonymous_3)
FN:65,(anonymous_4)
FN:67,(anonymous_5)
FN:76,(anonymous_6)
FN:88,(anonymous_7)
FN:109,(anonymous_8)
FN:111,(anonymous_9)
FN:120,(anonymous_10)
FN:126,(anonymous_11)
FN:136,(anonymous_12)
FN:141,(anonymous_13)
FN:160,(anonymous_14)
FN:176,(anonymous_15)
FN:184,(anonymous_16)
FNF:17
FNH:0
FNDA:0,(anonymous_0)
FNDA:0,(anonymous_1)
FNDA:0,(anonymous_2)
FNDA:0,(anonymous_3)
FNDA:0,(anonymous_4)
FNDA:0,(anonymous_5)
FNDA:0,(anonymous_6)
FNDA:0,(anonymous_7)
FNDA:0,(anonymous_8)
FNDA:0,(anonymous_9)
FNDA:0,(anonymous_10)
FNDA:0,(anonymous_11)
FNDA:0,(anonymous_12)
FNDA:0,(anonymous_13)
FNDA:0,(anonymous_14)
FNDA:0,(anonymous_15)
FNDA:0,(anonymous_16)
DA:1,0
DA:7,0
DA:8,0
DA:9,0
DA:10,0
DA:11,0
DA:12,0
DA:18,0
DA:19,0
DA:20,0
DA:21,0
DA:22,0
DA:24,0
DA:25,0
DA:26,0
DA:27,0
DA:29,0
DA:35,0
DA:36,0
DA:39,0
DA:41,0
DA:42,0
DA:43,0
DA:44,0
DA:50,0
DA:51,0
DA:52,0
DA:53,0
DA:54,0
DA:55,0
DA:56,0
DA:57,0
DA:59,0
DA:60,0
DA:61,0
DA:62,0
DA:63,0
DA:64,0
DA:65,0
DA:67,0
DA:69,0
DA:77,0
DA:78,0
DA:79,0
DA:80,0
DA:81,0
DA:83,0
DA:84,0
DA:85,0
DA:86,0
DA:87,0
DA:88,0
DA:89,0
DA:90,0
DA:91,0
DA:92,0
DA:94,0
DA:95,0
DA:96,0
DA:97,0
DA:98,0
DA:99,0
DA:100,0
DA:101,0
DA:103,0
DA:104,0
DA:105,0
DA:106,0
DA:107,0
DA:108,0
DA:109,0
DA:111,0
DA:113,0
DA:121,0
DA:122,0
DA:123,0
DA:124,0
DA:126,0
DA:138,0
DA:139,0
DA:140,0
DA:141,0
DA:142,0
DA:143,0
DA:144,0
DA:145,0
DA:147,0
DA:148,0
DA:149,0
DA:151,0
DA:152,0
DA:153,0
DA:161,0
DA:162,0
DA:163,0
DA:164,0
DA:165,0
DA:168,0
DA:178,0
DA:186,0
LF:100
LH:0
BRDA:18,0,0,0
BRDA:29,1,0,0
BRDA:29,1,1,0
BRDA:30,2,0,0
BRDA:30,2,1,0
BRDA:30,2,2,0
BRDA:30,2,3,0
BRDA:51,3,0,0
BRDA:63,4,0,0
BRDA:63,4,1,0
BRDA:77,5,0,0
BRDA:91,6,0,0
BRDA:107,7,0,0
BRDA:107,7,1,0
BRDA:121,8,0,0
BRDA:136,9,0,0
BRDA:136,10,0,0
BRDA:144,11,0,0
BRF:18
BRH:0
end_of_record
TN:
SF:src/sync/SyncConfig.ts
FN:42,(anonymous_0)
FN:56,(anonymous_1)
FN:68,(anonymous_2)
FNF:3
FNH:0
FNDA:0,(anonymous_0)
FNDA:0,(anonymous_1)
FNDA:0,(anonymous_2)
DA:32,0
DA:43,0
DA:44,0
DA:45,0
DA:46,0
DA:47,0
DA:48,0
DA:49,0
DA:50,0
DA:57,0
DA:58,0
DA:69,0
DA:70,0
DA:71,0
DA:72,0
DA:75,0
LF:16
LH:0
BRDA:44,0,0,0
BRDA:44,0,1,0
BRDA:48,1,0,0
BRDA:48,1,1,0
BRDA:50,2,0,0
BRDA:50,2,1,0
BRDA:57,3,0,0
BRDA:57,4,0,0
BRDA:57,4,1,0
BRDA:69,5,0,0
BRDA:69,6,0,0
BRDA:69,6,1,0
BRDA:71,7,0,0
BRF:13
BRH:0
end_of_record
TN:
SF:src/sync/SyncController.ts
FN:55,(anonymous_1)
FN:77,(anonymous_2)
FN:84,(anonymous_3)
FN:91,(anonymous_4)
FN:99,(anonymous_5)
FN:107,(anonymous_6)
FN:118,(anonymous_7)
FN:134,(anonymous_8)
FN:150,(anonymous_9)
FN:188,(anonymous_10)
FN:194,(anonymous_11)
FN:201,(anonymous_12)
FN:210,(anonymous_13)
FN:240,(anonymous_14)
FN:250,(anonymous_15)
FN:255,(anonymous_16)
FN:260,(anonymous_17)
FN:265,(anonymous_18)
FN:272,(anonymous_19)
FN:276,(anonymous_20)
FN:290,(anonymous_21)
FN:291,(anonymous_22)
FN:303,(anonymous_23)
FN:304,(anonymous_24)
FN:314,(anonymous_25)
FN:319,(anonymous_26)
FN:325,(anonymous_27)
FN:328,(anonymous_28)
FN:329,(anonymous_29)
FN:331,(anonymous_30)
FN:340,(anonymous_31)
FN:369,(anonymous_32)
FN:379,(anonymous_33)
FN:397,(anonymous_34)
FN:434,(anonymous_35)
FN:454,(anonymous_36)
FN:462,(anonymous_37)
FN:475,(anonymous_38)
FN:490,(anonymous_39)
FN:508,(anonymous_40)
FN:527,(anonymous_41)
FN:534,(anonymous_42)
FN:543,(anonymous_43)
FN:555,(anonymous_44)
FN:563,(anonymous_45)
FN:564,(anonymous_46)
FN:573,(anonymous_47)
FN:580,(anonymous_48)
FN:587,(anonymous_49)
FN:349,(anonymous_50)
FN:350,(anonymous_51)
FN:351,(anonymous_52)
FN:359,(anonymous_53)
FNF:53
FNH:0
FNDA:0,(anonymous_1)
FNDA:0,(anonymous_2)
FNDA:0,(anonymous_3)
FNDA:0,(anonymous_4)
FNDA:0,(anonymous_5)
FNDA:0,(anonymous_6)
FNDA:0,(anonymous_7)
FNDA:0,(anonymous_8)
FNDA:0,(anonymous_9)
FNDA:0,(anonymous_10)
FNDA:0,(anonymous_11)
FNDA:0,(anonymous_12)
FNDA:0,(anonymous_13)
FNDA:0,(anonymous_14)
FNDA:0,(anonymous_15)
FNDA:0,(anonymous_16)
FNDA:0,(anonymous_17)
FNDA:0,(anonymous_18)
FNDA:0,(anonymous_19)
FNDA:0,(anonymous_20)
FNDA:0,(anonymous_21)
FNDA:0,(anonymous_22)
FNDA:0,(anonymous_23)
FNDA:0,(anonymous_24)
FNDA:0,(anonymous_25)
FNDA:0,(anonymous_26)
FNDA:0,(anonymous_27)
FNDA:0,(anonymous_28)
FNDA:0,(anonymous_29)
FNDA:0,(anonymous_30)
FNDA:0,(anonymous_31)
FNDA:0,(anonymous_32)
FNDA:0,(anonymous_33)
FNDA:0,(anonymous_34)
FNDA:0,(anonymous_35)
FNDA:0,(anonymous_36)
FNDA:0,(anonymous_37)
FNDA:0,(anonymous_38)
FNDA:0,(anonymous_39)
FNDA:0,(anonymous_40)
FNDA:0,(anonymous_41)
FNDA:0,(anonymous_42)
FNDA:0,(anonymous_43)
FNDA:0,(anonymous_44)
FNDA:0,(anonymous_45)
FNDA:0,(anonymous_46)
FNDA:0,(anonymous_47)
FNDA:0,(anonymous_48)
FNDA:0,(anonymous_49)
FNDA:0,(anonymous_50)
FNDA:0,(anonymous_51)
FNDA:0,(anonymous_52)
FNDA:0,(anonymous_53)
DA:1,0
DA:24,0
DA:25,0
DA:26,0
DA:27,0
DA:30,0
DA:32,0
DA:34,0
DA:36,0
DA:38,0
DA:40,0
DA:42,0
DA:48,0
DA:57,0
DA:58,0
DA:60,0
DA:61,0
DA:78,0
DA:85,0
DA:93,0
DA:101,0
DA:108,0
DA:110,0
DA:122,0
DA:123,0
DA:124,0
DA:125,0
DA:128,0
DA:136,0
DA:137,0
DA:138,0
DA:139,0
DA:140,0
DA:142,0
DA:151,0
DA:152,0
DA:153,0
DA:154,0
DA:155,0
DA:157,0
DA:158,0
DA:159,0
DA:168,0
DA:170,0
DA:171,0
DA:173,0
DA:175,0
DA:176,0
DA:177,0
DA:178,0
DA:180,0
DA:181,0
DA:190,0
DA:195,0
DA:202,0
DA:203,0
DA:216,0
DA:217,0
DA:222,0
DA:223,0
DA:224,0
DA:225,0
DA:226,0
DA:231,0
DA:234,0
DA:242,0
DA:246,0
DA:247,0
DA:251,0
DA:256,0
DA:261,0
DA:266,0
DA:273,0
DA:274,0
DA:275,0
DA:277,0
DA:278,0
DA:279,0
DA:291,0
DA:304,0
DA:306,0
DA:307,0
DA:319,0
DA:326,0
DA:328,0
DA:329,0
DA:331,0
DA:345,0
DA:349,0
DA:350,0
DA:354,0
DA:356,0
DA:357,0
DA:359,0
DA:373,0
DA:387,0
DA:389,0
DA:390,0
DA:391,0
DA:402,0
DA:403,0
DA:408,0
DA:409,0
DA:410,0
DA:411,0
DA:412,0
DA:413,0
DA:414,0
DA:415,0
DA:416,0
DA:417,0
DA:420,0
DA:428,0
DA:443,0
DA:455,0
DA:456,0
DA:463,0
DA:464,0
DA:476,0
DA:477,0
DA:480,0
DA:481,0
DA:491,0
DA:492,0
DA:493,0
DA:494,0
DA:495,0
DA:496,0
DA:499,0
DA:502,0
DA:513,0
DA:516,0
DA:517,0
DA:520,0
DA:535,0
DA:537,0
DA:545,0
DA:562,0
DA:563,0
DA:564,0
DA:581,0
DA:589,0
LF:142
LH:0
BRDA:108,0,0,0
BRDA:124,1,0,0
BRDA:153,2,0,0
BRDA:170,3,0,0
BRDA:202,4,0,0
BRDA:202,4,1,0
BRDA:226,5,0,0
BRDA:227,6,0,0
BRDA:227,6,1,0
BRDA:227,6,2,0
BRDA:273,7,0,0
BRDA:273,8,0,0
BRDA:273,8,1,0
BRDA:296,9,0,0
BRDA:296,9,1,0
BRDA:296,10,0,0
BRDA:296,10,1,0
BRDA:384,11,0,0
BRDA:387,12,0,0
BRDA:387,12,1,0
BRDA:412,13,0,0
BRDA:412,13,1,0
BRDA:414,14,0,0
BRDA:414,14,1,0
BRDA:416,15,0,0
BRDA:416,15,1,0
BRDA:463,16,0,0
BRDA:463,17,0,0
BRDA:463,17,1,0
BRDA:476,18,0,0
BRDA:476,19,0,0
BRDA:476,19,1,0
BRDA:480,20,0,0
BRDA:491,21,0,0
BRDA:491,22,0,0
BRDA:491,22,1,0
BRDA:513,23,0,0
BRDA:513,23,1,0
BRDA:546,24,0,0
BRDA:546,24,1,0
BRDA:548,25,0,0
BRDA:548,25,1,0
BRDA:354,26,0,0
BRDA:354,26,1,0
BRDA:354,27,0,0
BRDA:354,27,1,0
BRDA:354,28,0,0
BRDA:354,28,1,0
BRDA:354,29,0,0
BRDA:354,29,1,0
BRDA:354,30,0,0
BRDA:354,30,1,0
BRDA:356,31,0,0
BRDA:356,31,1,0
BRDA:356,32,0,0
BRDA:356,32,1,0
BRDA:356,33,0,0
BRDA:356,33,1,0
BRDA:356,34,0,0
BRDA:356,34,1,0
BRDA:356,35,0,0
BRDA:356,35,1,0
BRDA:357,36,0,0
BRDA:357,36,1,0
BRF:64
BRH:0
end_of_record
TN:
SF:src/sync/SyncStrategies.ts
FN:15,(anonymous_0)
FN:16,(anonymous_1)
FN:17,(anonymous_2)
FN:19,(anonymous_3)
FN:30,(anonymous_4)
FN:34,(anonymous_5)
FN:36,(anonymous_6)
FN:41,(anonymous_7)
FN:55,(anonymous_8)
FN:59,(anonymous_9)
FN:61,(anonymous_10)
FN:65,(anonymous_11)
FN:76,createSyncStrategy
FN:99,isBatteryLow
FN:103,isNetworkMetered
FN:107,isUserIdle
FNF:16
FNH:0
FNDA:0,(anonymous_0)
FNDA:0,(anonymous_1)
FNDA:0,(anonymous_2)
FNDA:0,(anonymous_3)
FNDA:0,(anonymous_4)
FNDA:0,(anonymous_5)
FNDA:0,(anonymous_6)
FNDA:0,(anonymous_7)
FNDA:0,(anonymous_8)
FNDA:0,(anonymous_9)
FNDA:0,(anonymous_10)
FNDA:0,(anonymous_11)
FNDA:0,createSyncStrategy
FNDA:0,isBatteryLow
FNDA:0,isNetworkMetered
FNDA:0,isUserIdle
DA:14,0
DA:15,0
DA:20,0
DA:21,0
DA:28,0
DA:29,0
DA:31,0
DA:32,0
DA:35,0
DA:36,0
DA:37,0
DA:38,0
DA:42,0
DA:43,0
DA:44,0
DA:53,0
DA:54,0
DA:56,0
DA:57,0
DA:60,0
DA:61,0
DA:62,0
DA:66,0
DA:67,0
DA:68,0
DA:76,0
DA:84,0
DA:86,0
DA:88,0
DA:90,0
DA:91,0
DA:92,0
DA:94,0
DA:99,0
DA:101,0
DA:103,0
DA:105,0
DA:107,0
DA:109,0
LF:39
LH:0
BRDA:32,0,0,0
BRDA:35,1,0,0
BRDA:42,2,0,0
BRDA:60,3,0,0
BRDA:66,4,0,0
BRDA:84,5,0,0
BRDA:84,5,1,0
BRDA:84,5,2,0
BRDA:84,5,3,0
BRDA:88,6,0,0
BRDA:88,6,1,0
BRDA:88,7,0,0
BRDA:88,7,1,0
BRDA:90,8,0,0
BRDA:90,9,0,0
BRDA:90,9,1,0
BRDA:90,10,0,0
BRDA:90,10,1,0
BRF:18
BRH:0
end_of_record
TN:
SF:src/utils/Logger.ts
FN:7,(anonymous_0)
FN:11,(anonymous_1)
FN:20,(anonymous_2)
FN:29,(anonymous_3)
FN:38,(anonymous_4)
FNF:5
FNH:3
FNDA:1156,(anonymous_0)
FNDA:0,(anonymous_1)
FNDA:0,(anonymous_2)
FNDA:2,(anonymous_3)
FNDA:1154,(anonymous_4)
DA:1,4
DA:6,4
DA:8,1156
DA:12,0
DA:13,0
DA:14,0
DA:16,0
DA:21,0
DA:22,0
DA:23,0
DA:25,0
DA:30,2
DA:31,2
DA:32,2
DA:34,0
DA:39,1154
DA:40,1154
DA:41,1154
LF:18
LH:9
BRDA:13,0,0,0
BRDA:13,0,1,0
BRDA:22,1,0,0
BRDA:22,1,1,0
BRDA:31,2,0,2
BRDA:31,2,1,0
BRDA:40,3,0,1154
BRF:7
BRH:2
end_of_record
TN:
SF:src/utils/PerformanceMonitor.ts
FN:9,(anonymous_0)
FN:17,(anonymous_1)
FNF:2
FNH:0
FNDA:0,(anonymous_0)
FNDA:0,(anonymous_1)
DA:4,3
DA:10,0
DA:18,0
LF:3
LH:1
BRF:0
BRH:0
end_of_record
TN:
SF:src/utils/StateInspector.ts
FN:9,(anonymous_0)
FNF:1
FNH:0
FNDA:0,(anonymous_0)
DA:4,0
DA:10,0
LF:2
LH:0
BRF:0
BRH:0
end_of_record
